        -:    0:Source:../include/catch.hpp
        -:    0:Graph:testa_countlines.gcno
        -:    0:Data:-
        -:    0:Runs:0
        -:    0:Programs:0
        -:    1:/*
        -:    2: *  Catch v1.9.1
        -:    3: *  Generated: 2017-04-09 21:21:06.285364
        -:    4: *  ----------------------------------------------------------
        -:    5: *  This file has been merged from multiple headers. Please don't edit it directly
        -:    6: *  Copyright (c) 2012 Two Blue Cubes Ltd. All rights reserved.
        -:    7: *
        -:    8: *  Distributed under the Boost Software License, Version 1.0. (See accompanying
        -:    9: *  file LICENSE_1_0.txt or copy at http://www.boost.org/LICENSE_1_0.txt)
        -:   10: */
        -:   11:#ifndef TWOBLUECUBES_SINGLE_INCLUDE_CATCH_HPP_INCLUDED
        -:   12:#define TWOBLUECUBES_SINGLE_INCLUDE_CATCH_HPP_INCLUDED
        -:   13:
        -:   14:#define TWOBLUECUBES_CATCH_HPP_INCLUDED
        -:   15:
        -:   16:#ifdef __clang__
        -:   17:#    pragma clang system_header
        -:   18:#elif defined __GNUC__
        -:   19:#    pragma GCC system_header
        -:   20:#endif
        -:   21:
        -:   22:// #included from: internal/catch_suppress_warnings.h
        -:   23:
        -:   24:#ifdef __clang__
        -:   25:#   ifdef __ICC // icpc defines the __clang__ macro
        -:   26:#       pragma warning(push)
        -:   27:#       pragma warning(disable: 161 1682)
        -:   28:#   else // __ICC
        -:   29:#       pragma clang diagnostic ignored "-Wglobal-constructors"
        -:   30:#       pragma clang diagnostic ignored "-Wvariadic-macros"
        -:   31:#       pragma clang diagnostic ignored "-Wc99-extensions"
        -:   32:#       pragma clang diagnostic ignored "-Wunused-variable"
        -:   33:#       pragma clang diagnostic push
        -:   34:#       pragma clang diagnostic ignored "-Wpadded"
        -:   35:#       pragma clang diagnostic ignored "-Wc++98-compat"
        -:   36:#       pragma clang diagnostic ignored "-Wc++98-compat-pedantic"
        -:   37:#       pragma clang diagnostic ignored "-Wswitch-enum"
        -:   38:#       pragma clang diagnostic ignored "-Wcovered-switch-default"
        -:   39:#    endif
        -:   40:#elif defined __GNUC__
        -:   41:#    pragma GCC diagnostic ignored "-Wvariadic-macros"
        -:   42:#    pragma GCC diagnostic ignored "-Wunused-variable"
        -:   43:#    pragma GCC diagnostic ignored "-Wparentheses"
        -:   44:
        -:   45:#    pragma GCC diagnostic push
        -:   46:#    pragma GCC diagnostic ignored "-Wpadded"
        -:   47:#endif
        -:   48:#if defined(CATCH_CONFIG_MAIN) || defined(CATCH_CONFIG_RUNNER)
        -:   49:#  define CATCH_IMPL
        -:   50:#endif
        -:   51:
        -:   52:#ifdef CATCH_IMPL
        -:   53:#  ifndef CLARA_CONFIG_MAIN
        -:   54:#    define CLARA_CONFIG_MAIN_NOT_DEFINED
        -:   55:#    define CLARA_CONFIG_MAIN
        -:   56:#  endif
        -:   57:#endif
        -:   58:
        -:   59:// #included from: internal/catch_notimplemented_exception.h
        -:   60:#define TWOBLUECUBES_CATCH_NOTIMPLEMENTED_EXCEPTION_H_INCLUDED
        -:   61:
        -:   62:// #included from: catch_common.h
        -:   63:#define TWOBLUECUBES_CATCH_COMMON_H_INCLUDED
        -:   64:
        -:   65:// #included from: catch_compiler_capabilities.h
        -:   66:#define TWOBLUECUBES_CATCH_COMPILER_CAPABILITIES_HPP_INCLUDED
        -:   67:
        -:   68:// Detect a number of compiler features - mostly C++11/14 conformance - by compiler
        -:   69:// The following features are defined:
        -:   70://
        -:   71:// CATCH_CONFIG_CPP11_NULLPTR : is nullptr supported?
        -:   72:// CATCH_CONFIG_CPP11_NOEXCEPT : is noexcept supported?
        -:   73:// CATCH_CONFIG_CPP11_GENERATED_METHODS : The delete and default keywords for compiler generated methods
        -:   74:// CATCH_CONFIG_CPP11_IS_ENUM : std::is_enum is supported?
        -:   75:// CATCH_CONFIG_CPP11_TUPLE : std::tuple is supported
        -:   76:// CATCH_CONFIG_CPP11_LONG_LONG : is long long supported?
        -:   77:// CATCH_CONFIG_CPP11_OVERRIDE : is override supported?
        -:   78:// CATCH_CONFIG_CPP11_UNIQUE_PTR : is unique_ptr supported (otherwise use auto_ptr)
        -:   79:// CATCH_CONFIG_CPP11_SHUFFLE : is std::shuffle supported?
        -:   80:// CATCH_CONFIG_CPP11_TYPE_TRAITS : are type_traits and enable_if supported?
        -:   81:
        -:   82:// CATCH_CONFIG_CPP11_OR_GREATER : Is C++11 supported?
        -:   83:
        -:   84:// CATCH_CONFIG_VARIADIC_MACROS : are variadic macros supported?
        -:   85:// CATCH_CONFIG_COUNTER : is the __COUNTER__ macro supported?
        -:   86:// CATCH_CONFIG_WINDOWS_SEH : is Windows SEH supported?
        -:   87:// CATCH_CONFIG_POSIX_SIGNALS : are POSIX signals supported?
        -:   88:// ****************
        -:   89:// Note to maintainers: if new toggles are added please document them
        -:   90:// in configuration.md, too
        -:   91:// ****************
        -:   92:
        -:   93:// In general each macro has a _NO_<feature name> form
        -:   94:// (e.g. CATCH_CONFIG_CPP11_NO_NULLPTR) which disables the feature.
        -:   95:// Many features, at point of detection, define an _INTERNAL_ macro, so they
        -:   96:// can be combined, en-mass, with the _NO_ forms later.
        -:   97:
        -:   98:// All the C++11 features can be disabled with CATCH_CONFIG_NO_CPP11
        -:   99:
        -:  100:#ifdef __cplusplus
        -:  101:
        -:  102:#  if __cplusplus >= 201103L
        -:  103:#    define CATCH_CPP11_OR_GREATER
        -:  104:#  endif
        -:  105:
        -:  106:#  if __cplusplus >= 201402L
        -:  107:#    define CATCH_CPP14_OR_GREATER
        -:  108:#  endif
        -:  109:
        -:  110:#endif
        -:  111:
        -:  112:#ifdef __clang__
        -:  113:
        -:  114:#  if __has_feature(cxx_nullptr)
        -:  115:#    define CATCH_INTERNAL_CONFIG_CPP11_NULLPTR
        -:  116:#  endif
        -:  117:
        -:  118:#  if __has_feature(cxx_noexcept)
        -:  119:#    define CATCH_INTERNAL_CONFIG_CPP11_NOEXCEPT
        -:  120:#  endif
        -:  121:
        -:  122:#   if defined(CATCH_CPP11_OR_GREATER)
        -:  123:#       define CATCH_INTERNAL_SUPPRESS_ETD_WARNINGS \
        -:  124:            _Pragma( "clang diagnostic push" ) \
        -:  125:            _Pragma( "clang diagnostic ignored \"-Wexit-time-destructors\"" )
        -:  126:#       define CATCH_INTERNAL_UNSUPPRESS_ETD_WARNINGS \
        -:  127:            _Pragma( "clang diagnostic pop" )
        -:  128:
        -:  129:#       define CATCH_INTERNAL_SUPPRESS_PARENTHESES_WARNINGS \
        -:  130:            _Pragma( "clang diagnostic push" ) \
        -:  131:            _Pragma( "clang diagnostic ignored \"-Wparentheses\"" )
        -:  132:#       define CATCH_INTERNAL_UNSUPPRESS_PARENTHESES_WARNINGS \
        -:  133:            _Pragma( "clang diagnostic pop" )
        -:  134:#   endif
        -:  135:
        -:  136:#endif // __clang__
        -:  137:
        -:  138:////////////////////////////////////////////////////////////////////////////////
        -:  139:// Cygwin
        -:  140:#ifdef __CYGWIN__
        -:  141:
        -:  142:#   if !defined(CATCH_CONFIG_POSIX_SIGNALS)
        -:  143:#       define CATCH_INTERNAL_CONFIG_NO_POSIX_SIGNALS
        -:  144:#   endif
        -:  145:
        -:  146:// Required for some versions of Cygwin to declare gettimeofday
        -:  147:// see: http://stackoverflow.com/questions/36901803/gettimeofday-not-declared-in-this-scope-cygwin
        -:  148:#   define _BSD_SOURCE
        -:  149:
        -:  150:#endif // __CYGWIN__
        -:  151:
        -:  152:////////////////////////////////////////////////////////////////////////////////
        -:  153:// Borland
        -:  154:#ifdef __BORLANDC__
        -:  155:
        -:  156:#endif // __BORLANDC__
        -:  157:
        -:  158:////////////////////////////////////////////////////////////////////////////////
        -:  159:// EDG
        -:  160:#ifdef __EDG_VERSION__
        -:  161:
        -:  162:#endif // __EDG_VERSION__
        -:  163:
        -:  164:////////////////////////////////////////////////////////////////////////////////
        -:  165:// Digital Mars
        -:  166:#ifdef __DMC__
        -:  167:
        -:  168:#endif // __DMC__
        -:  169:
        -:  170:////////////////////////////////////////////////////////////////////////////////
        -:  171:// GCC
        -:  172:#ifdef __GNUC__
        -:  173:
        -:  174:#   if __GNUC__ == 4 && __GNUC_MINOR__ >= 6 && defined(__GXX_EXPERIMENTAL_CXX0X__)
        -:  175:#       define CATCH_INTERNAL_CONFIG_CPP11_NULLPTR
        -:  176:#   endif
        -:  177:
        -:  178:// - otherwise more recent versions define __cplusplus >= 201103L
        -:  179:// and will get picked up below
        -:  180:
        -:  181:#endif // __GNUC__
        -:  182:
        -:  183:////////////////////////////////////////////////////////////////////////////////
        -:  184:// Visual C++
        -:  185:#ifdef _MSC_VER
        -:  186:
        -:  187:#define CATCH_INTERNAL_CONFIG_WINDOWS_SEH
        -:  188:
        -:  189:#if (_MSC_VER >= 1600)
        -:  190:#   define CATCH_INTERNAL_CONFIG_CPP11_NULLPTR
        -:  191:#   define CATCH_INTERNAL_CONFIG_CPP11_UNIQUE_PTR
        -:  192:#endif
        -:  193:
        -:  194:#if (_MSC_VER >= 1900 ) // (VC++ 13 (VS2015))
        -:  195:#define CATCH_INTERNAL_CONFIG_CPP11_NOEXCEPT
        -:  196:#define CATCH_INTERNAL_CONFIG_CPP11_GENERATED_METHODS
        -:  197:#define CATCH_INTERNAL_CONFIG_CPP11_SHUFFLE
        -:  198:#define CATCH_INTERNAL_CONFIG_CPP11_TYPE_TRAITS
        -:  199:#endif
        -:  200:
        -:  201:#endif // _MSC_VER
        -:  202:
        -:  203:////////////////////////////////////////////////////////////////////////////////
        -:  204:
        -:  205:// Use variadic macros if the compiler supports them
        -:  206:#if ( defined _MSC_VER && _MSC_VER > 1400 && !defined __EDGE__) || \
        -:  207:    ( defined __WAVE__ && __WAVE_HAS_VARIADICS ) || \
        -:  208:    ( defined __GNUC__ && __GNUC__ >= 3 ) || \
        -:  209:    ( !defined __cplusplus && __STDC_VERSION__ >= 199901L || __cplusplus >= 201103L )
        -:  210:
        -:  211:#define CATCH_INTERNAL_CONFIG_VARIADIC_MACROS
        -:  212:
        -:  213:#endif
        -:  214:
        -:  215:// Use __COUNTER__ if the compiler supports it
        -:  216:#if ( defined _MSC_VER && _MSC_VER >= 1300 ) || \
        -:  217:    ( defined __GNUC__  && __GNUC__ >= 4 && __GNUC_MINOR__ >= 3 ) || \
        -:  218:    ( defined __clang__ && __clang_major__ >= 3 )
        -:  219:
        -:  220:#define CATCH_INTERNAL_CONFIG_COUNTER
        -:  221:
        -:  222:#endif
        -:  223:
        -:  224:////////////////////////////////////////////////////////////////////////////////
        -:  225:// C++ language feature support
        -:  226:
        -:  227:// catch all support for C++11
        -:  228:#if defined(CATCH_CPP11_OR_GREATER)
        -:  229:
        -:  230:#  if !defined(CATCH_INTERNAL_CONFIG_CPP11_NULLPTR)
        -:  231:#    define CATCH_INTERNAL_CONFIG_CPP11_NULLPTR
        -:  232:#  endif
        -:  233:
        -:  234:#  ifndef CATCH_INTERNAL_CONFIG_CPP11_NOEXCEPT
        -:  235:#    define CATCH_INTERNAL_CONFIG_CPP11_NOEXCEPT
        -:  236:#  endif
        -:  237:
        -:  238:#  ifndef CATCH_INTERNAL_CONFIG_CPP11_GENERATED_METHODS
        -:  239:#    define CATCH_INTERNAL_CONFIG_CPP11_GENERATED_METHODS
        -:  240:#  endif
        -:  241:
        -:  242:#  ifndef CATCH_INTERNAL_CONFIG_CPP11_IS_ENUM
        -:  243:#    define CATCH_INTERNAL_CONFIG_CPP11_IS_ENUM
        -:  244:#  endif
        -:  245:
        -:  246:#  ifndef CATCH_INTERNAL_CONFIG_CPP11_TUPLE
        -:  247:#    define CATCH_INTERNAL_CONFIG_CPP11_TUPLE
        -:  248:#  endif
        -:  249:
        -:  250:#  ifndef CATCH_INTERNAL_CONFIG_VARIADIC_MACROS
        -:  251:#    define CATCH_INTERNAL_CONFIG_VARIADIC_MACROS
        -:  252:#  endif
        -:  253:
        -:  254:#  if !defined(CATCH_INTERNAL_CONFIG_CPP11_LONG_LONG)
        -:  255:#    define CATCH_INTERNAL_CONFIG_CPP11_LONG_LONG
        -:  256:#  endif
        -:  257:
        -:  258:#  if !defined(CATCH_INTERNAL_CONFIG_CPP11_OVERRIDE)
        -:  259:#    define CATCH_INTERNAL_CONFIG_CPP11_OVERRIDE
        -:  260:#  endif
        -:  261:#  if !defined(CATCH_INTERNAL_CONFIG_CPP11_UNIQUE_PTR)
        -:  262:#    define CATCH_INTERNAL_CONFIG_CPP11_UNIQUE_PTR
        -:  263:#  endif
        -:  264:# if !defined(CATCH_INTERNAL_CONFIG_CPP11_SHUFFLE)
        -:  265:#   define CATCH_INTERNAL_CONFIG_CPP11_SHUFFLE
        -:  266:#  endif
        -:  267:# if !defined(CATCH_INTERNAL_CONFIG_CPP11_TYPE_TRAITS)
        -:  268:#  define CATCH_INTERNAL_CONFIG_CPP11_TYPE_TRAITS
        -:  269:# endif
        -:  270:
        -:  271:#endif // __cplusplus >= 201103L
        -:  272:
        -:  273:// Now set the actual defines based on the above + anything the user has configured
        -:  274:#if defined(CATCH_INTERNAL_CONFIG_CPP11_NULLPTR) && !defined(CATCH_CONFIG_CPP11_NO_NULLPTR) && !defined(CATCH_CONFIG_CPP11_NULLPTR) && !defined(CATCH_CONFIG_NO_CPP11)
        -:  275:#   define CATCH_CONFIG_CPP11_NULLPTR
        -:  276:#endif
        -:  277:#if defined(CATCH_INTERNAL_CONFIG_CPP11_NOEXCEPT) && !defined(CATCH_CONFIG_CPP11_NO_NOEXCEPT) && !defined(CATCH_CONFIG_CPP11_NOEXCEPT) && !defined(CATCH_CONFIG_NO_CPP11)
        -:  278:#   define CATCH_CONFIG_CPP11_NOEXCEPT
        -:  279:#endif
        -:  280:#if defined(CATCH_INTERNAL_CONFIG_CPP11_GENERATED_METHODS) && !defined(CATCH_CONFIG_CPP11_NO_GENERATED_METHODS) && !defined(CATCH_CONFIG_CPP11_GENERATED_METHODS) && !defined(CATCH_CONFIG_NO_CPP11)
        -:  281:#   define CATCH_CONFIG_CPP11_GENERATED_METHODS
        -:  282:#endif
        -:  283:#if defined(CATCH_INTERNAL_CONFIG_CPP11_IS_ENUM) && !defined(CATCH_CONFIG_CPP11_NO_IS_ENUM) && !defined(CATCH_CONFIG_CPP11_IS_ENUM) && !defined(CATCH_CONFIG_NO_CPP11)
        -:  284:#   define CATCH_CONFIG_CPP11_IS_ENUM
        -:  285:#endif
        -:  286:#if defined(CATCH_INTERNAL_CONFIG_CPP11_TUPLE) && !defined(CATCH_CONFIG_CPP11_NO_TUPLE) && !defined(CATCH_CONFIG_CPP11_TUPLE) && !defined(CATCH_CONFIG_NO_CPP11)
        -:  287:#   define CATCH_CONFIG_CPP11_TUPLE
        -:  288:#endif
        -:  289:#if defined(CATCH_INTERNAL_CONFIG_VARIADIC_MACROS) && !defined(CATCH_CONFIG_NO_VARIADIC_MACROS) && !defined(CATCH_CONFIG_VARIADIC_MACROS)
        -:  290:#   define CATCH_CONFIG_VARIADIC_MACROS
        -:  291:#endif
        -:  292:#if defined(CATCH_INTERNAL_CONFIG_CPP11_LONG_LONG) && !defined(CATCH_CONFIG_CPP11_NO_LONG_LONG) && !defined(CATCH_CONFIG_CPP11_LONG_LONG) && !defined(CATCH_CONFIG_NO_CPP11)
        -:  293:#   define CATCH_CONFIG_CPP11_LONG_LONG
        -:  294:#endif
        -:  295:#if defined(CATCH_INTERNAL_CONFIG_CPP11_OVERRIDE) && !defined(CATCH_CONFIG_CPP11_NO_OVERRIDE) && !defined(CATCH_CONFIG_CPP11_OVERRIDE) && !defined(CATCH_CONFIG_NO_CPP11)
        -:  296:#   define CATCH_CONFIG_CPP11_OVERRIDE
        -:  297:#endif
        -:  298:#if defined(CATCH_INTERNAL_CONFIG_CPP11_UNIQUE_PTR) && !defined(CATCH_CONFIG_CPP11_NO_UNIQUE_PTR) && !defined(CATCH_CONFIG_CPP11_UNIQUE_PTR) && !defined(CATCH_CONFIG_NO_CPP11)
        -:  299:#   define CATCH_CONFIG_CPP11_UNIQUE_PTR
        -:  300:#endif
        -:  301:// Use of __COUNTER__ is suppressed if __JETBRAINS_IDE__ is #defined (meaning we're being parsed by a JetBrains IDE for
        -:  302:// analytics) because, at time of writing, __COUNTER__ is not properly handled by it.
        -:  303:// This does not affect compilation
        -:  304:#if defined(CATCH_INTERNAL_CONFIG_COUNTER) && !defined(CATCH_CONFIG_NO_COUNTER) && !defined(CATCH_CONFIG_COUNTER) && !defined(__JETBRAINS_IDE__)
        -:  305:#   define CATCH_CONFIG_COUNTER
        -:  306:#endif
        -:  307:#if defined(CATCH_INTERNAL_CONFIG_CPP11_SHUFFLE) && !defined(CATCH_CONFIG_CPP11_NO_SHUFFLE) && !defined(CATCH_CONFIG_CPP11_SHUFFLE) && !defined(CATCH_CONFIG_NO_CPP11)
        -:  308:#   define CATCH_CONFIG_CPP11_SHUFFLE
        -:  309:#endif
        -:  310:# if defined(CATCH_INTERNAL_CONFIG_CPP11_TYPE_TRAITS) && !defined(CATCH_CONFIG_CPP11_NO_TYPE_TRAITS) && !defined(CATCH_CONFIG_CPP11_TYPE_TRAITS) && !defined(CATCH_CONFIG_NO_CPP11)
        -:  311:#  define CATCH_CONFIG_CPP11_TYPE_TRAITS
        -:  312:# endif
        -:  313:#if defined(CATCH_INTERNAL_CONFIG_WINDOWS_SEH) && !defined(CATCH_CONFIG_NO_WINDOWS_SEH) && !defined(CATCH_CONFIG_WINDOWS_SEH)
        -:  314:#   define CATCH_CONFIG_WINDOWS_SEH
        -:  315:#endif
        -:  316:// This is set by default, because we assume that unix compilers are posix-signal-compatible by default.
        -:  317:#if !defined(CATCH_INTERNAL_CONFIG_NO_POSIX_SIGNALS) && !defined(CATCH_CONFIG_NO_POSIX_SIGNALS) && !defined(CATCH_CONFIG_POSIX_SIGNALS)
        -:  318:#   define CATCH_CONFIG_POSIX_SIGNALS
        -:  319:#endif
        -:  320:
        -:  321:#if !defined(CATCH_INTERNAL_SUPPRESS_PARENTHESES_WARNINGS)
        -:  322:#   define CATCH_INTERNAL_SUPPRESS_PARENTHESES_WARNINGS
        -:  323:#   define CATCH_INTERNAL_UNSUPPRESS_PARENTHESES_WARNINGS
        -:  324:#endif
        -:  325:#if !defined(CATCH_INTERNAL_SUPPRESS_ETD_WARNINGS)
        -:  326:#   define CATCH_INTERNAL_SUPPRESS_ETD_WARNINGS
        -:  327:#   define CATCH_INTERNAL_UNSUPPRESS_ETD_WARNINGS
        -:  328:#endif
        -:  329:
        -:  330:// noexcept support:
        -:  331:#if defined(CATCH_CONFIG_CPP11_NOEXCEPT) && !defined(CATCH_NOEXCEPT)
        -:  332:#  define CATCH_NOEXCEPT noexcept
        -:  333:#  define CATCH_NOEXCEPT_IS(x) noexcept(x)
        -:  334:#else
        -:  335:#  define CATCH_NOEXCEPT throw()
        -:  336:#  define CATCH_NOEXCEPT_IS(x)
        -:  337:#endif
        -:  338:
        -:  339:// nullptr support
        -:  340:#ifdef CATCH_CONFIG_CPP11_NULLPTR
        -:  341:#   define CATCH_NULL nullptr
        -:  342:#else
        -:  343:#   define CATCH_NULL NULL
        -:  344:#endif
        -:  345:
        -:  346:// override support
        -:  347:#ifdef CATCH_CONFIG_CPP11_OVERRIDE
        -:  348:#   define CATCH_OVERRIDE override
        -:  349:#else
        -:  350:#   define CATCH_OVERRIDE
        -:  351:#endif
        -:  352:
        -:  353:// unique_ptr support
        -:  354:#ifdef CATCH_CONFIG_CPP11_UNIQUE_PTR
        -:  355:#   define CATCH_AUTO_PTR( T ) std::unique_ptr<T>
        -:  356:#else
        -:  357:#   define CATCH_AUTO_PTR( T ) std::auto_ptr<T>
        -:  358:#endif
        -:  359:
        -:  360:#define INTERNAL_CATCH_UNIQUE_NAME_LINE2( name, line ) name##line
        -:  361:#define INTERNAL_CATCH_UNIQUE_NAME_LINE( name, line ) INTERNAL_CATCH_UNIQUE_NAME_LINE2( name, line )
        -:  362:#ifdef CATCH_CONFIG_COUNTER
        -:  363:#  define INTERNAL_CATCH_UNIQUE_NAME( name ) INTERNAL_CATCH_UNIQUE_NAME_LINE( name, __COUNTER__ )
        -:  364:#else
        -:  365:#  define INTERNAL_CATCH_UNIQUE_NAME( name ) INTERNAL_CATCH_UNIQUE_NAME_LINE( name, __LINE__ )
        -:  366:#endif
        -:  367:
        -:  368:#define INTERNAL_CATCH_STRINGIFY2( expr ) #expr
        -:  369:#define INTERNAL_CATCH_STRINGIFY( expr ) INTERNAL_CATCH_STRINGIFY2( expr )
        -:  370:
        -:  371:#include <sstream>
        -:  372:#include <algorithm>
        -:  373:
        -:  374:namespace Catch {
        -:  375:
        -:  376:    struct IConfig;
        -:  377:
        -:  378:    struct CaseSensitive { enum Choice {
        -:  379:        Yes,
        -:  380:        No
        -:  381:    }; };
        -:  382:
        -:  383:    class NonCopyable {
        -:  384:#ifdef CATCH_CONFIG_CPP11_GENERATED_METHODS
        -:  385:        NonCopyable( NonCopyable const& )              = delete;
        -:  386:        NonCopyable( NonCopyable && )                  = delete;
        -:  387:        NonCopyable& operator = ( NonCopyable const& ) = delete;
        -:  388:        NonCopyable& operator = ( NonCopyable && )     = delete;
        -:  389:#else
        -:  390:        NonCopyable( NonCopyable const& info );
        -:  391:        NonCopyable& operator = ( NonCopyable const& );
        -:  392:#endif
        -:  393:
        -:  394:    protected:
    #####:  395:        NonCopyable() {}
        -:  396:        virtual ~NonCopyable();
        -:  397:    };
        -:  398:
        -:  399:    class SafeBool {
        -:  400:    public:
        -:  401:        typedef void (SafeBool::*type)() const;
        -:  402:
        -:  403:        static type makeSafe( bool value ) {
    #####:  404:            return value ? &SafeBool::trueValue : 0;
        -:  405:        }
        -:  406:    private:
    #####:  407:        void trueValue() const {}
        -:  408:    };
        -:  409:
        -:  410:    template<typename ContainerT>
        -:  411:    inline void deleteAll( ContainerT& container ) {
    #####:  412:        typename ContainerT::const_iterator it = container.begin();
    #####:  413:        typename ContainerT::const_iterator itEnd = container.end();
    #####:  414:        for(; it != itEnd; ++it )
    #####:  415:            delete *it;
    #####:  416:    }
        -:  417:    template<typename AssociativeContainerT>
        -:  418:    inline void deleteAllValues( AssociativeContainerT& container ) {
    #####:  419:        typename AssociativeContainerT::const_iterator it = container.begin();
    #####:  420:        typename AssociativeContainerT::const_iterator itEnd = container.end();
    #####:  421:        for(; it != itEnd; ++it )
    #####:  422:            delete it->second;
    #####:  423:    }
        -:  424:
        -:  425:    bool startsWith( std::string const& s, std::string const& prefix );
        -:  426:    bool startsWith( std::string const& s, char prefix );
        -:  427:    bool endsWith( std::string const& s, std::string const& suffix );
        -:  428:    bool endsWith( std::string const& s, char suffix );
        -:  429:    bool contains( std::string const& s, std::string const& infix );
        -:  430:    void toLowerInPlace( std::string& s );
        -:  431:    std::string toLower( std::string const& s );
        -:  432:    std::string trim( std::string const& str );
        -:  433:    bool replaceInPlace( std::string& str, std::string const& replaceThis, std::string const& withThis );
        -:  434:
    #####:  435:    struct pluralise {
        -:  436:        pluralise( std::size_t count, std::string const& label );
        -:  437:
        -:  438:        friend std::ostream& operator << ( std::ostream& os, pluralise const& pluraliser );
        -:  439:
        -:  440:        std::size_t m_count;
        -:  441:        std::string m_label;
        -:  442:    };
        -:  443:
        -:  444:    struct SourceLineInfo {
        -:  445:
        -:  446:        SourceLineInfo();
        -:  447:        SourceLineInfo( char const* _file, std::size_t _line );
        -:  448:#  ifdef CATCH_CONFIG_CPP11_GENERATED_METHODS
        -:  449:        SourceLineInfo(SourceLineInfo const& other)          = default;
        -:  450:        SourceLineInfo( SourceLineInfo && )                  = default;
        -:  451:        SourceLineInfo& operator = ( SourceLineInfo const& ) = default;
        -:  452:        SourceLineInfo& operator = ( SourceLineInfo && )     = default;
        -:  453:#  endif
        -:  454:        bool empty() const;
        -:  455:        bool operator == ( SourceLineInfo const& other ) const;
        -:  456:        bool operator < ( SourceLineInfo const& other ) const;
        -:  457:
        -:  458:        char const* file;
        -:  459:        std::size_t line;
        -:  460:    };
        -:  461:
        -:  462:    std::ostream& operator << ( std::ostream& os, SourceLineInfo const& info );
        -:  463:
        -:  464:    // This is just here to avoid compiler warnings with macro constants and boolean literals
    #####:  465:    inline bool isTrue( bool value ){ return value; }
    #####:  466:    inline bool alwaysTrue() { return true; }
        -:  467:    inline bool alwaysFalse() { return false; }
        -:  468:
        -:  469:    void throwLogicError( std::string const& message, SourceLineInfo const& locationInfo );
        -:  470:
        -:  471:    void seedRng( IConfig const& config );
        -:  472:    unsigned int rngSeed();
        -:  473:
        -:  474:    // Use this in variadic streaming macros to allow
        -:  475:    //    >> +StreamEndStop
        -:  476:    // as well as
        -:  477:    //    >> stuff +StreamEndStop
        -:  478:    struct StreamEndStop {
        -:  479:        std::string operator+() {
        -:  480:            return std::string();
        -:  481:        }
        -:  482:    };
        -:  483:    template<typename T>
        -:  484:    T const& operator + ( T const& value, StreamEndStop ) {
        -:  485:        return value;
        -:  486:    }
        -:  487:}
        -:  488:
        -:  489:#define CATCH_INTERNAL_LINEINFO ::Catch::SourceLineInfo( __FILE__, static_cast<std::size_t>( __LINE__ ) )
        -:  490:#define CATCH_INTERNAL_ERROR( msg ) ::Catch::throwLogicError( msg, CATCH_INTERNAL_LINEINFO );
        -:  491:
        -:  492:namespace Catch {
        -:  493:
        -:  494:    class NotImplementedException : public std::exception
        -:  495:    {
        -:  496:    public:
        -:  497:        NotImplementedException( SourceLineInfo const& lineInfo );
        -:  498:        NotImplementedException( NotImplementedException const& ) {}
        -:  499:
    #####:  500:        virtual ~NotImplementedException() CATCH_NOEXCEPT {}
        -:  501:
        -:  502:        virtual const char* what() const CATCH_NOEXCEPT;
        -:  503:
        -:  504:    private:
        -:  505:        std::string m_what;
        -:  506:        SourceLineInfo m_lineInfo;
        -:  507:    };
        -:  508:
        -:  509:} // end namespace Catch
        -:  510:
        -:  511:///////////////////////////////////////////////////////////////////////////////
        -:  512:#define CATCH_NOT_IMPLEMENTED throw Catch::NotImplementedException( CATCH_INTERNAL_LINEINFO )
        -:  513:
        -:  514:// #included from: internal/catch_context.h
        -:  515:#define TWOBLUECUBES_CATCH_CONTEXT_H_INCLUDED
        -:  516:
        -:  517:// #included from: catch_interfaces_generators.h
        -:  518:#define TWOBLUECUBES_CATCH_INTERFACES_GENERATORS_H_INCLUDED
        -:  519:
        -:  520:#include <string>
        -:  521:
        -:  522:namespace Catch {
        -:  523:
    #####:  524:    struct IGeneratorInfo {
        -:  525:        virtual ~IGeneratorInfo();
        -:  526:        virtual bool moveNext() = 0;
        -:  527:        virtual std::size_t getCurrentIndex() const = 0;
        -:  528:    };
        -:  529:
    #####:  530:    struct IGeneratorsForTest {
        -:  531:        virtual ~IGeneratorsForTest();
        -:  532:
        -:  533:        virtual IGeneratorInfo& getGeneratorInfo( std::string const& fileInfo, std::size_t size ) = 0;
        -:  534:        virtual bool moveNext() = 0;
        -:  535:    };
        -:  536:
        -:  537:    IGeneratorsForTest* createGeneratorsForTest();
        -:  538:
        -:  539:} // end namespace Catch
        -:  540:
        -:  541:// #included from: catch_ptr.hpp
        -:  542:#define TWOBLUECUBES_CATCH_PTR_HPP_INCLUDED
        -:  543:
        -:  544:#ifdef __clang__
        -:  545:#pragma clang diagnostic push
        -:  546:#pragma clang diagnostic ignored "-Wpadded"
        -:  547:#endif
        -:  548:
        -:  549:namespace Catch {
        -:  550:
        -:  551:    // An intrusive reference counting smart pointer.
        -:  552:    // T must implement addRef() and release() methods
        -:  553:    // typically implementing the IShared interface
        -:  554:    template<typename T>
        -:  555:    class Ptr {
        -:  556:    public:
    #####:  557:        Ptr() : m_p( CATCH_NULL ){}
    #####:  558:        Ptr( T* p ) : m_p( p ){
    #####:  559:            if( m_p )
    #####:  560:                m_p->addRef();
    #####:  561:        }
    #####:  562:        Ptr( Ptr const& other ) : m_p( other.m_p ){
    #####:  563:            if( m_p )
    #####:  564:                m_p->addRef();
    #####:  565:        }
    #####:  566:        ~Ptr(){
    #####:  567:            if( m_p )
    #####:  568:                m_p->release();
    #####:  569:        }
        -:  570:        void reset() {
    #####:  571:            if( m_p )
    #####:  572:                m_p->release();
    #####:  573:            m_p = CATCH_NULL;
    #####:  574:        }
        -:  575:        Ptr& operator = ( T* p ){
    #####:  576:            Ptr temp( p );
    #####:  577:            swap( temp );
        -:  578:            return *this;
    #####:  579:        }
        -:  580:        Ptr& operator = ( Ptr const& other ){
    #####:  581:            Ptr temp( other );
    #####:  582:            swap( temp );
        -:  583:            return *this;
    #####:  584:        }
    #####:  585:        void swap( Ptr& other ) { std::swap( m_p, other.m_p ); }
    #####:  586:        T* get() const{ return m_p; }
    #####:  587:        T& operator*() const { return *m_p; }
    #####:  588:        T* operator->() const { return m_p; }
    #####:  589:        bool operator !() const { return m_p == CATCH_NULL; }
    #####:  590:        operator SafeBool::type() const { return SafeBool::makeSafe( m_p != CATCH_NULL ); }
        -:  591:
        -:  592:    private:
        -:  593:        T* m_p;
        -:  594:    };
        -:  595:
    #####:  596:    struct IShared : NonCopyable {
        -:  597:        virtual ~IShared();
        -:  598:        virtual void addRef() const = 0;
        -:  599:        virtual void release() const = 0;
        -:  600:    };
        -:  601:
        -:  602:    template<typename T = IShared>
    #####:  603:    struct SharedImpl : T {
        -:  604:
    #####:  605:        SharedImpl() : m_rc( 0 ){}
        -:  606:
        -:  607:        virtual void addRef() const {
    #####:  608:            ++m_rc;
    #####:  609:        }
        -:  610:        virtual void release() const {
    #####:  611:            if( --m_rc == 0 )
    #####:  612:                delete this;
    #####:  613:        }
        -:  614:
        -:  615:        mutable unsigned int m_rc;
        -:  616:    };
        -:  617:
        -:  618:} // end namespace Catch
        -:  619:
        -:  620:#ifdef __clang__
        -:  621:#pragma clang diagnostic pop
        -:  622:#endif
        -:  623:
        -:  624:namespace Catch {
        -:  625:
        -:  626:    class TestCase;
        -:  627:    class Stream;
        -:  628:    struct IResultCapture;
        -:  629:    struct IRunner;
        -:  630:    struct IGeneratorsForTest;
        -:  631:    struct IConfig;
        -:  632:
    #####:  633:    struct IContext
        -:  634:    {
        -:  635:        virtual ~IContext();
        -:  636:
        -:  637:        virtual IResultCapture* getResultCapture() = 0;
        -:  638:        virtual IRunner* getRunner() = 0;
        -:  639:        virtual size_t getGeneratorIndex( std::string const& fileInfo, size_t totalSize ) = 0;
        -:  640:        virtual bool advanceGeneratorsForCurrentTest() = 0;
        -:  641:        virtual Ptr<IConfig const> getConfig() const = 0;
        -:  642:    };
        -:  643:
    #####:  644:    struct IMutableContext : IContext
        -:  645:    {
        -:  646:        virtual ~IMutableContext();
        -:  647:        virtual void setResultCapture( IResultCapture* resultCapture ) = 0;
        -:  648:        virtual void setRunner( IRunner* runner ) = 0;
        -:  649:        virtual void setConfig( Ptr<IConfig const> const& config ) = 0;
        -:  650:    };
        -:  651:
        -:  652:    IContext& getCurrentContext();
        -:  653:    IMutableContext& getCurrentMutableContext();
        -:  654:    void cleanUpContext();
        -:  655:    Stream createStream( std::string const& streamName );
        -:  656:
        -:  657:}
        -:  658:
        -:  659:// #included from: internal/catch_test_registry.hpp
        -:  660:#define TWOBLUECUBES_CATCH_TEST_REGISTRY_HPP_INCLUDED
        -:  661:
        -:  662:// #included from: catch_interfaces_testcase.h
        -:  663:#define TWOBLUECUBES_CATCH_INTERFACES_TESTCASE_H_INCLUDED
        -:  664:
        -:  665:#include <vector>
        -:  666:
        -:  667:namespace Catch {
        -:  668:
        -:  669:    class TestSpec;
        -:  670:
    #####:  671:    struct ITestCase : IShared {
        -:  672:        virtual void invoke () const = 0;
        -:  673:    protected:
        -:  674:        virtual ~ITestCase();
        -:  675:    };
        -:  676:
        -:  677:    class TestCase;
        -:  678:    struct IConfig;
        -:  679:
    #####:  680:    struct ITestCaseRegistry {
        -:  681:        virtual ~ITestCaseRegistry();
        -:  682:        virtual std::vector<TestCase> const& getAllTests() const = 0;
        -:  683:        virtual std::vector<TestCase> const& getAllTestsSorted( IConfig const& config ) const = 0;
        -:  684:    };
        -:  685:
        -:  686:    bool matchTest( TestCase const& testCase, TestSpec const& testSpec, IConfig const& config );
        -:  687:    std::vector<TestCase> filterTests( std::vector<TestCase> const& testCases, TestSpec const& testSpec, IConfig const& config );
        -:  688:    std::vector<TestCase> const& getAllTestCasesSorted( IConfig const& config );
        -:  689:
        -:  690:}
        -:  691:
        -:  692:namespace Catch {
        -:  693:
        -:  694:template<typename C>
        -:  695:class MethodTestCase : public SharedImpl<ITestCase> {
        -:  696:
        -:  697:public:
        -:  698:    MethodTestCase( void (C::*method)() ) : m_method( method ) {}
        -:  699:
        -:  700:    virtual void invoke() const {
        -:  701:        C obj;
        -:  702:        (obj.*m_method)();
        -:  703:    }
        -:  704:
        -:  705:private:
        -:  706:    virtual ~MethodTestCase() {}
        -:  707:
        -:  708:    void (C::*m_method)();
        -:  709:};
        -:  710:
        -:  711:typedef void(*TestFunction)();
        -:  712:
        -:  713:struct NameAndDesc {
        -:  714:    NameAndDesc( const char* _name = "", const char* _description= "" )
    #####:  715:    : name( _name ), description( _description )
    #####:  716:    {}
        -:  717:
        -:  718:    const char* name;
        -:  719:    const char* description;
        -:  720:};
        -:  721:
        -:  722:void registerTestCase
        -:  723:    (   ITestCase* testCase,
        -:  724:        char const* className,
        -:  725:        NameAndDesc const& nameAndDesc,
        -:  726:        SourceLineInfo const& lineInfo );
        -:  727:
        -:  728:struct AutoReg {
        -:  729:
        -:  730:    AutoReg
        -:  731:        (   TestFunction function,
        -:  732:            SourceLineInfo const& lineInfo,
        -:  733:            NameAndDesc const& nameAndDesc );
        -:  734:
        -:  735:    template<typename C>
        -:  736:    AutoReg
        -:  737:        (   void (C::*method)(),
        -:  738:            char const* className,
        -:  739:            NameAndDesc const& nameAndDesc,
        -:  740:            SourceLineInfo const& lineInfo ) {
        -:  741:
        -:  742:        registerTestCase
        -:  743:            (   new MethodTestCase<C>( method ),
        -:  744:                className,
        -:  745:                nameAndDesc,
        -:  746:                lineInfo );
        -:  747:    }
        -:  748:
        -:  749:    ~AutoReg();
        -:  750:
        -:  751:private:
        -:  752:    AutoReg( AutoReg const& );
        -:  753:    void operator= ( AutoReg const& );
        -:  754:};
        -:  755:
        -:  756:void registerTestCaseFunction
        -:  757:    (   TestFunction function,
        -:  758:        SourceLineInfo const& lineInfo,
        -:  759:        NameAndDesc const& nameAndDesc );
        -:  760:
        -:  761:} // end namespace Catch
        -:  762:
        -:  763:#ifdef CATCH_CONFIG_VARIADIC_MACROS
        -:  764:    ///////////////////////////////////////////////////////////////////////////////
        -:  765:    #define INTERNAL_CATCH_TESTCASE2( TestName, ... ) \
        -:  766:        static void TestName(); \
        -:  767:        CATCH_INTERNAL_SUPPRESS_ETD_WARNINGS \
        -:  768:        namespace{ Catch::AutoReg INTERNAL_CATCH_UNIQUE_NAME( autoRegistrar )( &TestName, CATCH_INTERNAL_LINEINFO, Catch::NameAndDesc( __VA_ARGS__ ) ); } \
        -:  769:        CATCH_INTERNAL_UNSUPPRESS_ETD_WARNINGS \
        -:  770:        static void TestName()
        -:  771:    #define INTERNAL_CATCH_TESTCASE( ... ) \
        -:  772:        INTERNAL_CATCH_TESTCASE2( INTERNAL_CATCH_UNIQUE_NAME( ____C_A_T_C_H____T_E_S_T____ ), __VA_ARGS__ )
        -:  773:
        -:  774:    ///////////////////////////////////////////////////////////////////////////////
        -:  775:    #define INTERNAL_CATCH_METHOD_AS_TEST_CASE( QualifiedMethod, ... ) \
        -:  776:        CATCH_INTERNAL_SUPPRESS_ETD_WARNINGS \
        -:  777:        namespace{ Catch::AutoReg INTERNAL_CATCH_UNIQUE_NAME( autoRegistrar )( &QualifiedMethod, "&" #QualifiedMethod, Catch::NameAndDesc( __VA_ARGS__ ), CATCH_INTERNAL_LINEINFO ); } \
        -:  778:        CATCH_INTERNAL_UNSUPPRESS_ETD_WARNINGS
        -:  779:
        -:  780:    ///////////////////////////////////////////////////////////////////////////////
        -:  781:    #define INTERNAL_CATCH_TEST_CASE_METHOD2( TestName, ClassName, ... )\
        -:  782:        CATCH_INTERNAL_SUPPRESS_ETD_WARNINGS \
        -:  783:        namespace{ \
        -:  784:            struct TestName : ClassName{ \
        -:  785:                void test(); \
        -:  786:            }; \
        -:  787:            Catch::AutoReg INTERNAL_CATCH_UNIQUE_NAME( autoRegistrar ) ( &TestName::test, #ClassName, Catch::NameAndDesc( __VA_ARGS__ ), CATCH_INTERNAL_LINEINFO ); \
        -:  788:        } \
        -:  789:        CATCH_INTERNAL_UNSUPPRESS_ETD_WARNINGS \
        -:  790:        void TestName::test()
        -:  791:    #define INTERNAL_CATCH_TEST_CASE_METHOD( ClassName, ... ) \
        -:  792:        INTERNAL_CATCH_TEST_CASE_METHOD2( INTERNAL_CATCH_UNIQUE_NAME( ____C_A_T_C_H____T_E_S_T____ ), ClassName, __VA_ARGS__ )
        -:  793:
        -:  794:    ///////////////////////////////////////////////////////////////////////////////
        -:  795:    #define INTERNAL_CATCH_REGISTER_TESTCASE( Function, ... ) \
        -:  796:        CATCH_INTERNAL_SUPPRESS_ETD_WARNINGS \
        -:  797:        Catch::AutoReg( Function, CATCH_INTERNAL_LINEINFO, Catch::NameAndDesc( __VA_ARGS__ ) ); \
        -:  798:        CATCH_INTERNAL_UNSUPPRESS_ETD_WARNINGS
        -:  799:
        -:  800:#else
        -:  801:    ///////////////////////////////////////////////////////////////////////////////
        -:  802:    #define INTERNAL_CATCH_TESTCASE2( TestName, Name, Desc ) \
        -:  803:        static void TestName(); \
        -:  804:        CATCH_INTERNAL_SUPPRESS_ETD_WARNINGS \
        -:  805:        namespace{ Catch::AutoReg INTERNAL_CATCH_UNIQUE_NAME( autoRegistrar )( &TestName, CATCH_INTERNAL_LINEINFO, Catch::NameAndDesc( Name, Desc ) ); }\
        -:  806:        CATCH_INTERNAL_UNSUPPRESS_ETD_WARNINGS \
        -:  807:        static void TestName()
        -:  808:    #define INTERNAL_CATCH_TESTCASE( Name, Desc ) \
        -:  809:        INTERNAL_CATCH_TESTCASE2( INTERNAL_CATCH_UNIQUE_NAME( ____C_A_T_C_H____T_E_S_T____ ), Name, Desc )
        -:  810:
        -:  811:    ///////////////////////////////////////////////////////////////////////////////
        -:  812:    #define INTERNAL_CATCH_METHOD_AS_TEST_CASE( QualifiedMethod, Name, Desc ) \
        -:  813:        CATCH_INTERNAL_SUPPRESS_ETD_WARNINGS \
        -:  814:        namespace{ Catch::AutoReg INTERNAL_CATCH_UNIQUE_NAME( autoRegistrar )( &QualifiedMethod, "&" #QualifiedMethod, Catch::NameAndDesc( Name, Desc ), CATCH_INTERNAL_LINEINFO ); } \
        -:  815:        CATCH_INTERNAL_UNSUPPRESS_ETD_WARNINGS
        -:  816:
        -:  817:    ///////////////////////////////////////////////////////////////////////////////
        -:  818:    #define INTERNAL_CATCH_TEST_CASE_METHOD2( TestCaseName, ClassName, TestName, Desc )\
        -:  819:        CATCH_INTERNAL_SUPPRESS_ETD_WARNINGS \
        -:  820:        namespace{ \
        -:  821:            struct TestCaseName : ClassName{ \
        -:  822:                void test(); \
        -:  823:            }; \
        -:  824:            Catch::AutoReg INTERNAL_CATCH_UNIQUE_NAME( autoRegistrar ) ( &TestCaseName::test, #ClassName, Catch::NameAndDesc( TestName, Desc ), CATCH_INTERNAL_LINEINFO ); \
        -:  825:        } \
        -:  826:        CATCH_INTERNAL_UNSUPPRESS_ETD_WARNINGS \
        -:  827:        void TestCaseName::test()
        -:  828:    #define INTERNAL_CATCH_TEST_CASE_METHOD( ClassName, TestName, Desc )\
        -:  829:        INTERNAL_CATCH_TEST_CASE_METHOD2( INTERNAL_CATCH_UNIQUE_NAME( ____C_A_T_C_H____T_E_S_T____ ), ClassName, TestName, Desc )
        -:  830:
        -:  831:    ///////////////////////////////////////////////////////////////////////////////
        -:  832:    #define INTERNAL_CATCH_REGISTER_TESTCASE( Function, Name, Desc ) \
        -:  833:        CATCH_INTERNAL_SUPPRESS_ETD_WARNINGS \
        -:  834:        Catch::AutoReg( Function, CATCH_INTERNAL_LINEINFO, Catch::NameAndDesc( Name, Desc ) ); \
        -:  835:        CATCH_INTERNAL_UNSUPPRESS_ETD_WARNINGS
        -:  836:
        -:  837:#endif
        -:  838:
        -:  839:// #included from: internal/catch_capture.hpp
        -:  840:#define TWOBLUECUBES_CATCH_CAPTURE_HPP_INCLUDED
        -:  841:
        -:  842:// #included from: catch_result_builder.h
        -:  843:#define TWOBLUECUBES_CATCH_RESULT_BUILDER_H_INCLUDED
        -:  844:
        -:  845:// #included from: catch_result_type.h
        -:  846:#define TWOBLUECUBES_CATCH_RESULT_TYPE_H_INCLUDED
        -:  847:
        -:  848:namespace Catch {
        -:  849:
        -:  850:    // ResultWas::OfType enum
        -:  851:    struct ResultWas { enum OfType {
        -:  852:        Unknown = -1,
        -:  853:        Ok = 0,
        -:  854:        Info = 1,
        -:  855:        Warning = 2,
        -:  856:
        -:  857:        FailureBit = 0x10,
        -:  858:
        -:  859:        ExpressionFailed = FailureBit | 1,
        -:  860:        ExplicitFailure = FailureBit | 2,
        -:  861:
        -:  862:        Exception = 0x100 | FailureBit,
        -:  863:
        -:  864:        ThrewException = Exception | 1,
        -:  865:        DidntThrowException = Exception | 2,
        -:  866:
        -:  867:        FatalErrorCondition = 0x200 | FailureBit
        -:  868:
        -:  869:    }; };
        -:  870:
        -:  871:    inline bool isOk( ResultWas::OfType resultType ) {
    #####:  872:        return ( resultType & ResultWas::FailureBit ) == 0;
        -:  873:    }
        -:  874:    inline bool isJustInfo( int flags ) {
        -:  875:        return flags == ResultWas::Info;
        -:  876:    }
        -:  877:
        -:  878:    // ResultDisposition::Flags enum
        -:  879:    struct ResultDisposition { enum Flags {
        -:  880:        Normal = 0x01,
        -:  881:
        -:  882:        ContinueOnFailure = 0x02,   // Failures fail test, but execution continues
        -:  883:        FalseTest = 0x04,           // Prefix expression with !
        -:  884:        SuppressFail = 0x08         // Failures are reported but do not fail the test
        -:  885:    }; };
        -:  886:
        -:  887:    inline ResultDisposition::Flags operator | ( ResultDisposition::Flags lhs, ResultDisposition::Flags rhs ) {
        -:  888:        return static_cast<ResultDisposition::Flags>( static_cast<int>( lhs ) | static_cast<int>( rhs ) );
        -:  889:    }
        -:  890:
        -:  891:    inline bool shouldContinueOnFailure( int flags )    { return ( flags & ResultDisposition::ContinueOnFailure ) != 0; }
    #####:  892:    inline bool isFalseTest( int flags )                { return ( flags & ResultDisposition::FalseTest ) != 0; }
    #####:  893:    inline bool shouldSuppressFailure( int flags )      { return ( flags & ResultDisposition::SuppressFail ) != 0; }
        -:  894:
        -:  895:} // end namespace Catch
        -:  896:
        -:  897:// #included from: catch_assertionresult.h
        -:  898:#define TWOBLUECUBES_CATCH_ASSERTIONRESULT_H_INCLUDED
        -:  899:
        -:  900:#include <string>
        -:  901:
        -:  902:namespace Catch {
        -:  903:
        -:  904:    struct STATIC_ASSERT_Expression_Too_Complex_Please_Rewrite_As_Binary_Comparison;
        -:  905:
    #####:  906:    struct DecomposedExpression
        -:  907:    {
    #####:  908:        virtual ~DecomposedExpression() {}
        -:  909:        virtual bool isBinaryExpression() const {
    #####:  910:            return false;
        -:  911:        }
        -:  912:        virtual void reconstructExpression( std::string& dest ) const = 0;
        -:  913:
        -:  914:        // Only simple binary comparisons can be decomposed.
        -:  915:        // If more complex check is required then wrap sub-expressions in parentheses.
        -:  916:        template<typename T> STATIC_ASSERT_Expression_Too_Complex_Please_Rewrite_As_Binary_Comparison& operator + ( T const& );
        -:  917:        template<typename T> STATIC_ASSERT_Expression_Too_Complex_Please_Rewrite_As_Binary_Comparison& operator - ( T const& );
        -:  918:        template<typename T> STATIC_ASSERT_Expression_Too_Complex_Please_Rewrite_As_Binary_Comparison& operator * ( T const& );
        -:  919:        template<typename T> STATIC_ASSERT_Expression_Too_Complex_Please_Rewrite_As_Binary_Comparison& operator / ( T const& );
        -:  920:        template<typename T> STATIC_ASSERT_Expression_Too_Complex_Please_Rewrite_As_Binary_Comparison& operator % ( T const& );
        -:  921:        template<typename T> STATIC_ASSERT_Expression_Too_Complex_Please_Rewrite_As_Binary_Comparison& operator && ( T const& );
        -:  922:        template<typename T> STATIC_ASSERT_Expression_Too_Complex_Please_Rewrite_As_Binary_Comparison& operator || ( T const& );
        -:  923:
        -:  924:	private:
        -:  925:		DecomposedExpression& operator = (DecomposedExpression const&);
        -:  926:    };
        -:  927:
    #####:  928:    struct AssertionInfo
        -:  929:    {
    #####:  930:        AssertionInfo() {}
        -:  931:        AssertionInfo(  std::string const& _macroName,
        -:  932:                        SourceLineInfo const& _lineInfo,
        -:  933:                        std::string const& _capturedExpression,
        -:  934:                        ResultDisposition::Flags _resultDisposition );
        -:  935:
        -:  936:        std::string macroName;
        -:  937:        SourceLineInfo lineInfo;
        -:  938:        std::string capturedExpression;
        -:  939:        ResultDisposition::Flags resultDisposition;
        -:  940:    };
        -:  941:
    #####:  942:    struct AssertionResultData
        -:  943:    {
    #####:  944:        AssertionResultData() : decomposedExpression( CATCH_NULL )
    #####:  945:                              , resultType( ResultWas::Unknown )
    #####:  946:                              , negated( false )
    #####:  947:                              , parenthesized( false ) {}
        -:  948:
        -:  949:        void negate( bool parenthesize ) {
    #####:  950:            negated = !negated;
    #####:  951:            parenthesized = parenthesize;
    #####:  952:            if( resultType == ResultWas::Ok )
    #####:  953:                resultType = ResultWas::ExpressionFailed;
    #####:  954:            else if( resultType == ResultWas::ExpressionFailed )
    #####:  955:                resultType = ResultWas::Ok;
    #####:  956:        }
        -:  957:
        -:  958:        std::string const& reconstructExpression() const {
    #####:  959:            if( decomposedExpression != CATCH_NULL ) {
    #####:  960:                decomposedExpression->reconstructExpression( reconstructedExpression );
    #####:  961:                if( parenthesized ) {
    #####:  962:                    reconstructedExpression.insert( 0, 1, '(' );
    #####:  963:                    reconstructedExpression.append( 1, ')' );
    #####:  964:                }
    #####:  965:                if( negated ) {
    #####:  966:                    reconstructedExpression.insert( 0, 1, '!' );
    #####:  967:                }
    #####:  968:                decomposedExpression = CATCH_NULL;
    #####:  969:            }
    #####:  970:            return reconstructedExpression;
        -:  971:        }
        -:  972:
        -:  973:        mutable DecomposedExpression const* decomposedExpression;
        -:  974:        mutable std::string reconstructedExpression;
        -:  975:        std::string message;
        -:  976:        ResultWas::OfType resultType;
        -:  977:        bool negated;
        -:  978:        bool parenthesized;
        -:  979:    };
        -:  980:
    #####:  981:    class AssertionResult {
        -:  982:    public:
        -:  983:        AssertionResult();
        -:  984:        AssertionResult( AssertionInfo const& info, AssertionResultData const& data );
        -:  985:        ~AssertionResult();
        -:  986:#  ifdef CATCH_CONFIG_CPP11_GENERATED_METHODS
        -:  987:         AssertionResult( AssertionResult const& )              = default;
        -:  988:         AssertionResult( AssertionResult && )                  = default;
        -:  989:         AssertionResult& operator = ( AssertionResult const& ) = default;
        -:  990:         AssertionResult& operator = ( AssertionResult && )     = default;
        -:  991:#  endif
        -:  992:
        -:  993:        bool isOk() const;
        -:  994:        bool succeeded() const;
        -:  995:        ResultWas::OfType getResultType() const;
        -:  996:        bool hasExpression() const;
        -:  997:        bool hasMessage() const;
        -:  998:        std::string getExpression() const;
        -:  999:        std::string getExpressionInMacro() const;
        -: 1000:        bool hasExpandedExpression() const;
        -: 1001:        std::string getExpandedExpression() const;
        -: 1002:        std::string getMessage() const;
        -: 1003:        SourceLineInfo getSourceInfo() const;
        -: 1004:        std::string getTestMacroName() const;
        -: 1005:        void discardDecomposedExpression() const;
        -: 1006:        void expandDecomposedExpression() const;
        -: 1007:
        -: 1008:    protected:
        -: 1009:        AssertionInfo m_info;
        -: 1010:        AssertionResultData m_resultData;
        -: 1011:    };
        -: 1012:
        -: 1013:} // end namespace Catch
        -: 1014:
        -: 1015:// #included from: catch_matchers.hpp
        -: 1016:#define TWOBLUECUBES_CATCH_MATCHERS_HPP_INCLUDED
        -: 1017:
        -: 1018:namespace Catch {
        -: 1019:namespace Matchers {
        -: 1020:    namespace Impl {
        -: 1021:
    #####: 1022:        template<typename ArgT> struct MatchAllOf;
        -: 1023:        template<typename ArgT> struct MatchAnyOf;
        -: 1024:        template<typename ArgT> struct MatchNotOf;
        -: 1025:
    #####: 1026:        class MatcherUntypedBase {
        -: 1027:        public:
        -: 1028:            std::string toString() const {
    #####: 1029:                if( m_cachedToString.empty() )
    #####: 1030:                    m_cachedToString = describe();
    #####: 1031:                return m_cachedToString;
    #####: 1032:            }
        -: 1033:
        -: 1034:        protected:
        -: 1035:            virtual ~MatcherUntypedBase();
        -: 1036:            virtual std::string describe() const = 0;
        -: 1037:            mutable std::string m_cachedToString;
        -: 1038:        private:
        -: 1039:            MatcherUntypedBase& operator = ( MatcherUntypedBase const& );
        -: 1040:        };
        -: 1041:
        -: 1042:        template<typename ObjectT>
    #####: 1043:        struct MatcherMethod {
        -: 1044:            virtual bool match( ObjectT const& arg ) const = 0;
        -: 1045:        };
        -: 1046:        template<typename PtrT>
        -: 1047:        struct MatcherMethod<PtrT*> {
        -: 1048:            virtual bool match( PtrT* arg ) const = 0;
        -: 1049:        };
        -: 1050:
        -: 1051:        template<typename ObjectT, typename ComparatorT = ObjectT>
    #####: 1052:        struct MatcherBase : MatcherUntypedBase, MatcherMethod<ObjectT> {
        -: 1053:
        -: 1054:            MatchAllOf<ComparatorT> operator && ( MatcherBase const& other ) const;
        -: 1055:            MatchAnyOf<ComparatorT> operator || ( MatcherBase const& other ) const;
        -: 1056:            MatchNotOf<ComparatorT> operator ! () const;
        -: 1057:        };
        -: 1058:
        -: 1059:        template<typename ArgT>
    #####: 1060:        struct MatchAllOf : MatcherBase<ArgT> {
        -: 1061:            virtual bool match( ArgT const& arg ) const CATCH_OVERRIDE {
    #####: 1062:                for( std::size_t i = 0; i < m_matchers.size(); ++i ) {
    #####: 1063:                    if (!m_matchers[i]->match(arg))
    #####: 1064:                        return false;
    #####: 1065:                }
    #####: 1066:                return true;
    #####: 1067:            }
        -: 1068:            virtual std::string describe() const CATCH_OVERRIDE {
    #####: 1069:                std::string description;
    #####: 1070:                description.reserve( 4 + m_matchers.size()*32 );
    #####: 1071:                description += "( ";
    #####: 1072:                for( std::size_t i = 0; i < m_matchers.size(); ++i ) {
    #####: 1073:                    if( i != 0 )
    #####: 1074:                        description += " and ";
    #####: 1075:                    description += m_matchers[i]->toString();
    #####: 1076:                }
    #####: 1077:                description += " )";
    #####: 1078:                return description;
    #####: 1079:            }
        -: 1080:
        -: 1081:            MatchAllOf<ArgT>& operator && ( MatcherBase<ArgT> const& other ) {
        -: 1082:                m_matchers.push_back( &other );
        -: 1083:                return *this;
        -: 1084:            }
        -: 1085:
        -: 1086:            std::vector<MatcherBase<ArgT> const*> m_matchers;
        -: 1087:        };
        -: 1088:        template<typename ArgT>
        -: 1089:        struct MatchAnyOf : MatcherBase<ArgT> {
        -: 1090:
        -: 1091:            virtual bool match( ArgT const& arg ) const CATCH_OVERRIDE {
        -: 1092:                for( std::size_t i = 0; i < m_matchers.size(); ++i ) {
        -: 1093:                    if (m_matchers[i]->match(arg))
        -: 1094:                        return true;
        -: 1095:                }
        -: 1096:                return false;
        -: 1097:            }
        -: 1098:            virtual std::string describe() const CATCH_OVERRIDE {
        -: 1099:                std::string description;
        -: 1100:                description.reserve( 4 + m_matchers.size()*32 );
        -: 1101:                description += "( ";
        -: 1102:                for( std::size_t i = 0; i < m_matchers.size(); ++i ) {
        -: 1103:                    if( i != 0 )
        -: 1104:                        description += " or ";
        -: 1105:                    description += m_matchers[i]->toString();
        -: 1106:                }
        -: 1107:                description += " )";
        -: 1108:                return description;
        -: 1109:            }
        -: 1110:
        -: 1111:            MatchAnyOf<ArgT>& operator || ( MatcherBase<ArgT> const& other ) {
        -: 1112:                m_matchers.push_back( &other );
        -: 1113:                return *this;
        -: 1114:            }
        -: 1115:
        -: 1116:            std::vector<MatcherBase<ArgT> const*> m_matchers;
        -: 1117:        };
        -: 1118:
        -: 1119:        template<typename ArgT>
        -: 1120:        struct MatchNotOf : MatcherBase<ArgT> {
        -: 1121:
        -: 1122:            MatchNotOf( MatcherBase<ArgT> const& underlyingMatcher ) : m_underlyingMatcher( underlyingMatcher ) {}
        -: 1123:
        -: 1124:            virtual bool match( ArgT const& arg ) const CATCH_OVERRIDE {
        -: 1125:                return !m_underlyingMatcher.match( arg );
        -: 1126:            }
        -: 1127:
        -: 1128:            virtual std::string describe() const CATCH_OVERRIDE {
        -: 1129:                return "not " + m_underlyingMatcher.toString();
        -: 1130:            }
        -: 1131:            MatcherBase<ArgT> const& m_underlyingMatcher;
        -: 1132:        };
        -: 1133:
        -: 1134:        template<typename ObjectT, typename ComparatorT>
        -: 1135:        MatchAllOf<ComparatorT> MatcherBase<ObjectT, ComparatorT>::operator && ( MatcherBase const& other ) const {
        -: 1136:            return MatchAllOf<ComparatorT>() && *this && other;
        -: 1137:        }
        -: 1138:        template<typename ObjectT, typename ComparatorT>
        -: 1139:        MatchAnyOf<ComparatorT> MatcherBase<ObjectT, ComparatorT>::operator || ( MatcherBase const& other ) const {
        -: 1140:            return MatchAnyOf<ComparatorT>() || *this || other;
        -: 1141:        }
        -: 1142:        template<typename ObjectT, typename ComparatorT>
        -: 1143:        MatchNotOf<ComparatorT> MatcherBase<ObjectT, ComparatorT>::operator ! () const {
        -: 1144:            return MatchNotOf<ComparatorT>( *this );
        -: 1145:        }
        -: 1146:
        -: 1147:    } // namespace Impl
        -: 1148:
        -: 1149:    // The following functions create the actual matcher objects.
        -: 1150:    // This allows the types to be inferred
        -: 1151:    // - deprecated: prefer ||, && and !
        -: 1152:    template<typename T>
        -: 1153:    inline Impl::MatchNotOf<T> Not( Impl::MatcherBase<T> const& underlyingMatcher ) {
        -: 1154:        return Impl::MatchNotOf<T>( underlyingMatcher );
        -: 1155:    }
        -: 1156:    template<typename T>
        -: 1157:    inline Impl::MatchAllOf<T> AllOf( Impl::MatcherBase<T> const& m1, Impl::MatcherBase<T> const& m2 ) {
        -: 1158:        return Impl::MatchAllOf<T>() && m1 && m2;
        -: 1159:    }
        -: 1160:    template<typename T>
        -: 1161:    inline Impl::MatchAllOf<T> AllOf( Impl::MatcherBase<T> const& m1, Impl::MatcherBase<T> const& m2, Impl::MatcherBase<T> const& m3 ) {
        -: 1162:        return Impl::MatchAllOf<T>() && m1 && m2 && m3;
        -: 1163:    }
        -: 1164:    template<typename T>
        -: 1165:    inline Impl::MatchAnyOf<T> AnyOf( Impl::MatcherBase<T> const& m1, Impl::MatcherBase<T> const& m2 ) {
        -: 1166:        return Impl::MatchAnyOf<T>() || m1 || m2;
        -: 1167:    }
        -: 1168:    template<typename T>
        -: 1169:    inline Impl::MatchAnyOf<T> AnyOf( Impl::MatcherBase<T> const& m1, Impl::MatcherBase<T> const& m2, Impl::MatcherBase<T> const& m3 ) {
        -: 1170:        return Impl::MatchAnyOf<T>() || m1 || m2 || m3;
        -: 1171:    }
        -: 1172:
        -: 1173:} // namespace Matchers
        -: 1174:
        -: 1175:using namespace Matchers;
        -: 1176:using Matchers::Impl::MatcherBase;
        -: 1177:
        -: 1178:} // namespace Catch
        -: 1179:
        -: 1180:namespace Catch {
        -: 1181:
        -: 1182:    struct TestFailureException{};
        -: 1183:
        -: 1184:    template<typename T> class ExpressionLhs;
        -: 1185:
    #####: 1186:    struct CopyableStream {
    #####: 1187:        CopyableStream() {}
        -: 1188:        CopyableStream( CopyableStream const& other ) {
        -: 1189:            oss << other.oss.str();
        -: 1190:        }
        -: 1191:        CopyableStream& operator=( CopyableStream const& other ) {
        -: 1192:            oss.str(std::string());
        -: 1193:            oss << other.oss.str();
        -: 1194:            return *this;
        -: 1195:        }
        -: 1196:        std::ostringstream oss;
        -: 1197:    };
        -: 1198:
        -: 1199:    class ResultBuilder : public DecomposedExpression {
        -: 1200:    public:
        -: 1201:        ResultBuilder(  char const* macroName,
        -: 1202:                        SourceLineInfo const& lineInfo,
        -: 1203:                        char const* capturedExpression,
        -: 1204:                        ResultDisposition::Flags resultDisposition,
        -: 1205:                        char const* secondArg = "" );
        -: 1206:        ~ResultBuilder();
        -: 1207:
        -: 1208:        template<typename T>
        -: 1209:        ExpressionLhs<T const&> operator <= ( T const& operand );
        -: 1210:        ExpressionLhs<bool> operator <= ( bool value );
        -: 1211:
        -: 1212:        template<typename T>
        -: 1213:        ResultBuilder& operator << ( T const& value ) {
    #####: 1214:            m_stream.oss << value;
    #####: 1215:            return *this;
        -: 1216:        }
        -: 1217:
        -: 1218:        ResultBuilder& setResultType( ResultWas::OfType result );
        -: 1219:        ResultBuilder& setResultType( bool result );
        -: 1220:
        -: 1221:        void endExpression( DecomposedExpression const& expr );
        -: 1222:
        -: 1223:        virtual void reconstructExpression( std::string& dest ) const CATCH_OVERRIDE;
        -: 1224:
        -: 1225:        AssertionResult build() const;
        -: 1226:        AssertionResult build( DecomposedExpression const& expr ) const;
        -: 1227:
        -: 1228:        void useActiveException( ResultDisposition::Flags resultDisposition = ResultDisposition::Normal );
        -: 1229:        void captureResult( ResultWas::OfType resultType );
        -: 1230:        void captureExpression();
        -: 1231:        void captureExpectedException( std::string const& expectedMessage );
        -: 1232:        void captureExpectedException( Matchers::Impl::MatcherBase<std::string> const& matcher );
        -: 1233:        void handleResult( AssertionResult const& result );
        -: 1234:        void react();
        -: 1235:        bool shouldDebugBreak() const;
        -: 1236:        bool allowThrows() const;
        -: 1237:
        -: 1238:        template<typename ArgT, typename MatcherT>
        -: 1239:        void captureMatch( ArgT const& arg, MatcherT const& matcher, char const* matcherString );
        -: 1240:
        -: 1241:        void setExceptionGuard();
        -: 1242:        void unsetExceptionGuard();
        -: 1243:
        -: 1244:    private:
        -: 1245:        AssertionInfo m_assertionInfo;
        -: 1246:        AssertionResultData m_data;
        -: 1247:        CopyableStream m_stream;
        -: 1248:
        -: 1249:        bool m_shouldDebugBreak;
        -: 1250:        bool m_shouldThrow;
        -: 1251:        bool m_guardException;
        -: 1252:    };
        -: 1253:
        -: 1254:} // namespace Catch
        -: 1255:
        -: 1256:// Include after due to circular dependency:
        -: 1257:// #included from: catch_expression_lhs.hpp
        -: 1258:#define TWOBLUECUBES_CATCH_EXPRESSION_LHS_HPP_INCLUDED
        -: 1259:
        -: 1260:// #included from: catch_evaluate.hpp
        -: 1261:#define TWOBLUECUBES_CATCH_EVALUATE_HPP_INCLUDED
        -: 1262:
        -: 1263:#ifdef _MSC_VER
        -: 1264:#pragma warning(push)
        -: 1265:#pragma warning(disable:4389) // '==' : signed/unsigned mismatch
        -: 1266:#pragma warning(disable:4312) // Converting int to T* using reinterpret_cast (issue on x64 platform)
        -: 1267:#endif
        -: 1268:
        -: 1269:#include <cstddef>
        -: 1270:
        -: 1271:namespace Catch {
        -: 1272:namespace Internal {
        -: 1273:
        -: 1274:    enum Operator {
        -: 1275:        IsEqualTo,
        -: 1276:        IsNotEqualTo,
        -: 1277:        IsLessThan,
        -: 1278:        IsGreaterThan,
        -: 1279:        IsLessThanOrEqualTo,
        -: 1280:        IsGreaterThanOrEqualTo
        -: 1281:    };
        -: 1282:
        -: 1283:    template<Operator Op> struct OperatorTraits             { static const char* getName(){ return "*error*"; } };
    #####: 1284:    template<> struct OperatorTraits<IsEqualTo>             { static const char* getName(){ return "=="; } };
        -: 1285:    template<> struct OperatorTraits<IsNotEqualTo>          { static const char* getName(){ return "!="; } };
        -: 1286:    template<> struct OperatorTraits<IsLessThan>            { static const char* getName(){ return "<"; } };
        -: 1287:    template<> struct OperatorTraits<IsGreaterThan>         { static const char* getName(){ return ">"; } };
        -: 1288:    template<> struct OperatorTraits<IsLessThanOrEqualTo>   { static const char* getName(){ return "<="; } };
        -: 1289:    template<> struct OperatorTraits<IsGreaterThanOrEqualTo>{ static const char* getName(){ return ">="; } };
        -: 1290:
        -: 1291:    template<typename T>
    #####: 1292:    inline T& opCast(T const& t) { return const_cast<T&>(t); }
        -: 1293:
        -: 1294:// nullptr_t support based on pull request #154 from Konstantin Baumann
        -: 1295:#ifdef CATCH_CONFIG_CPP11_NULLPTR
        -: 1296:    inline std::nullptr_t opCast(std::nullptr_t) { return nullptr; }
        -: 1297:#endif // CATCH_CONFIG_CPP11_NULLPTR
        -: 1298:
        -: 1299:    // So the compare overloads can be operator agnostic we convey the operator as a template
        -: 1300:    // enum, which is used to specialise an Evaluator for doing the comparison.
        -: 1301:    template<typename T1, typename T2, Operator Op>
        -: 1302:    class Evaluator{};
        -: 1303:
        -: 1304:    template<typename T1, typename T2>
        -: 1305:    struct Evaluator<T1, T2, IsEqualTo> {
        -: 1306:        static bool evaluate( T1 const& lhs, T2 const& rhs) {
    #####: 1307:            return bool( opCast( lhs ) ==  opCast( rhs ) );
        -: 1308:        }
        -: 1309:    };
        -: 1310:    template<typename T1, typename T2>
        -: 1311:    struct Evaluator<T1, T2, IsNotEqualTo> {
        -: 1312:        static bool evaluate( T1 const& lhs, T2 const& rhs ) {
        -: 1313:            return bool( opCast( lhs ) != opCast( rhs ) );
        -: 1314:        }
        -: 1315:    };
        -: 1316:    template<typename T1, typename T2>
        -: 1317:    struct Evaluator<T1, T2, IsLessThan> {
        -: 1318:        static bool evaluate( T1 const& lhs, T2 const& rhs ) {
        -: 1319:            return bool( opCast( lhs ) < opCast( rhs ) );
        -: 1320:        }
        -: 1321:    };
        -: 1322:    template<typename T1, typename T2>
        -: 1323:    struct Evaluator<T1, T2, IsGreaterThan> {
        -: 1324:        static bool evaluate( T1 const& lhs, T2 const& rhs ) {
        -: 1325:            return bool( opCast( lhs ) > opCast( rhs ) );
        -: 1326:        }
        -: 1327:    };
        -: 1328:    template<typename T1, typename T2>
        -: 1329:    struct Evaluator<T1, T2, IsGreaterThanOrEqualTo> {
        -: 1330:        static bool evaluate( T1 const& lhs, T2 const& rhs ) {
        -: 1331:            return bool( opCast( lhs ) >= opCast( rhs ) );
        -: 1332:        }
        -: 1333:    };
        -: 1334:    template<typename T1, typename T2>
        -: 1335:    struct Evaluator<T1, T2, IsLessThanOrEqualTo> {
        -: 1336:        static bool evaluate( T1 const& lhs, T2 const& rhs ) {
        -: 1337:            return bool( opCast( lhs ) <= opCast( rhs ) );
        -: 1338:        }
        -: 1339:    };
        -: 1340:
        -: 1341:    template<Operator Op, typename T1, typename T2>
        -: 1342:    bool applyEvaluator( T1 const& lhs, T2 const& rhs ) {
        -: 1343:        return Evaluator<T1, T2, Op>::evaluate( lhs, rhs );
        -: 1344:    }
        -: 1345:
        -: 1346:    // This level of indirection allows us to specialise for integer types
        -: 1347:    // to avoid signed/ unsigned warnings
        -: 1348:
        -: 1349:    // "base" overload
        -: 1350:    template<Operator Op, typename T1, typename T2>
        -: 1351:    bool compare( T1 const& lhs, T2 const& rhs ) {
    #####: 1352:        return Evaluator<T1, T2, Op>::evaluate( lhs, rhs );
        -: 1353:    }
        -: 1354:
        -: 1355:    // unsigned X to int
        -: 1356:    template<Operator Op> bool compare( unsigned int lhs, int rhs ) {
        -: 1357:        return applyEvaluator<Op>( lhs, static_cast<unsigned int>( rhs ) );
        -: 1358:    }
        -: 1359:    template<Operator Op> bool compare( unsigned long lhs, int rhs ) {
        -: 1360:        return applyEvaluator<Op>( lhs, static_cast<unsigned int>( rhs ) );
        -: 1361:    }
        -: 1362:    template<Operator Op> bool compare( unsigned char lhs, int rhs ) {
        -: 1363:        return applyEvaluator<Op>( lhs, static_cast<unsigned int>( rhs ) );
        -: 1364:    }
        -: 1365:
        -: 1366:    // unsigned X to long
        -: 1367:    template<Operator Op> bool compare( unsigned int lhs, long rhs ) {
        -: 1368:        return applyEvaluator<Op>( lhs, static_cast<unsigned long>( rhs ) );
        -: 1369:    }
        -: 1370:    template<Operator Op> bool compare( unsigned long lhs, long rhs ) {
        -: 1371:        return applyEvaluator<Op>( lhs, static_cast<unsigned long>( rhs ) );
        -: 1372:    }
        -: 1373:    template<Operator Op> bool compare( unsigned char lhs, long rhs ) {
        -: 1374:        return applyEvaluator<Op>( lhs, static_cast<unsigned long>( rhs ) );
        -: 1375:    }
        -: 1376:
        -: 1377:    // int to unsigned X
        -: 1378:    template<Operator Op> bool compare( int lhs, unsigned int rhs ) {
        -: 1379:        return applyEvaluator<Op>( static_cast<unsigned int>( lhs ), rhs );
        -: 1380:    }
        -: 1381:    template<Operator Op> bool compare( int lhs, unsigned long rhs ) {
        -: 1382:        return applyEvaluator<Op>( static_cast<unsigned int>( lhs ), rhs );
        -: 1383:    }
        -: 1384:    template<Operator Op> bool compare( int lhs, unsigned char rhs ) {
        -: 1385:        return applyEvaluator<Op>( static_cast<unsigned int>( lhs ), rhs );
        -: 1386:    }
        -: 1387:
        -: 1388:    // long to unsigned X
        -: 1389:    template<Operator Op> bool compare( long lhs, unsigned int rhs ) {
        -: 1390:        return applyEvaluator<Op>( static_cast<unsigned long>( lhs ), rhs );
        -: 1391:    }
        -: 1392:    template<Operator Op> bool compare( long lhs, unsigned long rhs ) {
        -: 1393:        return applyEvaluator<Op>( static_cast<unsigned long>( lhs ), rhs );
        -: 1394:    }
        -: 1395:    template<Operator Op> bool compare( long lhs, unsigned char rhs ) {
        -: 1396:        return applyEvaluator<Op>( static_cast<unsigned long>( lhs ), rhs );
        -: 1397:    }
        -: 1398:
        -: 1399:    // pointer to long (when comparing against NULL)
        -: 1400:    template<Operator Op, typename T> bool compare( long lhs, T* rhs ) {
        -: 1401:        return Evaluator<T*, T*, Op>::evaluate( reinterpret_cast<T*>( lhs ), rhs );
        -: 1402:    }
        -: 1403:    template<Operator Op, typename T> bool compare( T* lhs, long rhs ) {
        -: 1404:        return Evaluator<T*, T*, Op>::evaluate( lhs, reinterpret_cast<T*>( rhs ) );
        -: 1405:    }
        -: 1406:
        -: 1407:    // pointer to int (when comparing against NULL)
        -: 1408:    template<Operator Op, typename T> bool compare( int lhs, T* rhs ) {
        -: 1409:        return Evaluator<T*, T*, Op>::evaluate( reinterpret_cast<T*>( lhs ), rhs );
        -: 1410:    }
        -: 1411:    template<Operator Op, typename T> bool compare( T* lhs, int rhs ) {
        -: 1412:        return Evaluator<T*, T*, Op>::evaluate( lhs, reinterpret_cast<T*>( rhs ) );
        -: 1413:    }
        -: 1414:
        -: 1415:#ifdef CATCH_CONFIG_CPP11_LONG_LONG
        -: 1416:    // long long to unsigned X
        -: 1417:    template<Operator Op> bool compare( long long lhs, unsigned int rhs ) {
        -: 1418:        return applyEvaluator<Op>( static_cast<unsigned long>( lhs ), rhs );
        -: 1419:    }
        -: 1420:    template<Operator Op> bool compare( long long lhs, unsigned long rhs ) {
        -: 1421:        return applyEvaluator<Op>( static_cast<unsigned long>( lhs ), rhs );
        -: 1422:    }
        -: 1423:    template<Operator Op> bool compare( long long lhs, unsigned long long rhs ) {
        -: 1424:        return applyEvaluator<Op>( static_cast<unsigned long>( lhs ), rhs );
        -: 1425:    }
        -: 1426:    template<Operator Op> bool compare( long long lhs, unsigned char rhs ) {
        -: 1427:        return applyEvaluator<Op>( static_cast<unsigned long>( lhs ), rhs );
        -: 1428:    }
        -: 1429:
        -: 1430:    // unsigned long long to X
        -: 1431:    template<Operator Op> bool compare( unsigned long long lhs, int rhs ) {
        -: 1432:        return applyEvaluator<Op>( static_cast<long>( lhs ), rhs );
        -: 1433:    }
        -: 1434:    template<Operator Op> bool compare( unsigned long long lhs, long rhs ) {
        -: 1435:        return applyEvaluator<Op>( static_cast<long>( lhs ), rhs );
        -: 1436:    }
        -: 1437:    template<Operator Op> bool compare( unsigned long long lhs, long long rhs ) {
        -: 1438:        return applyEvaluator<Op>( static_cast<long>( lhs ), rhs );
        -: 1439:    }
        -: 1440:    template<Operator Op> bool compare( unsigned long long lhs, char rhs ) {
        -: 1441:        return applyEvaluator<Op>( static_cast<long>( lhs ), rhs );
        -: 1442:    }
        -: 1443:
        -: 1444:    // pointer to long long (when comparing against NULL)
        -: 1445:    template<Operator Op, typename T> bool compare( long long lhs, T* rhs ) {
        -: 1446:        return Evaluator<T*, T*, Op>::evaluate( reinterpret_cast<T*>( lhs ), rhs );
        -: 1447:    }
        -: 1448:    template<Operator Op, typename T> bool compare( T* lhs, long long rhs ) {
        -: 1449:        return Evaluator<T*, T*, Op>::evaluate( lhs, reinterpret_cast<T*>( rhs ) );
        -: 1450:    }
        -: 1451:#endif // CATCH_CONFIG_CPP11_LONG_LONG
        -: 1452:
        -: 1453:#ifdef CATCH_CONFIG_CPP11_NULLPTR
        -: 1454:    // pointer to nullptr_t (when comparing against nullptr)
        -: 1455:    template<Operator Op, typename T> bool compare( std::nullptr_t, T* rhs ) {
        -: 1456:        return Evaluator<T*, T*, Op>::evaluate( nullptr, rhs );
        -: 1457:    }
        -: 1458:    template<Operator Op, typename T> bool compare( T* lhs, std::nullptr_t ) {
        -: 1459:        return Evaluator<T*, T*, Op>::evaluate( lhs, nullptr );
        -: 1460:    }
        -: 1461:#endif // CATCH_CONFIG_CPP11_NULLPTR
        -: 1462:
        -: 1463:} // end of namespace Internal
        -: 1464:} // end of namespace Catch
        -: 1465:
        -: 1466:#ifdef _MSC_VER
        -: 1467:#pragma warning(pop)
        -: 1468:#endif
        -: 1469:
        -: 1470:// #included from: catch_tostring.h
        -: 1471:#define TWOBLUECUBES_CATCH_TOSTRING_H_INCLUDED
        -: 1472:
        -: 1473:#include <sstream>
        -: 1474:#include <iomanip>
        -: 1475:#include <limits>
        -: 1476:#include <vector>
        -: 1477:#include <cstddef>
        -: 1478:
        -: 1479:#ifdef __OBJC__
        -: 1480:// #included from: catch_objc_arc.hpp
        -: 1481:#define TWOBLUECUBES_CATCH_OBJC_ARC_HPP_INCLUDED
        -: 1482:
        -: 1483:#import <Foundation/Foundation.h>
        -: 1484:
        -: 1485:#ifdef __has_feature
        -: 1486:#define CATCH_ARC_ENABLED __has_feature(objc_arc)
        -: 1487:#else
        -: 1488:#define CATCH_ARC_ENABLED 0
        -: 1489:#endif
        -: 1490:
        -: 1491:void arcSafeRelease( NSObject* obj );
        -: 1492:id performOptionalSelector( id obj, SEL sel );
        -: 1493:
        -: 1494:#if !CATCH_ARC_ENABLED
        -: 1495:inline void arcSafeRelease( NSObject* obj ) {
        -: 1496:    [obj release];
        -: 1497:}
        -: 1498:inline id performOptionalSelector( id obj, SEL sel ) {
        -: 1499:    if( [obj respondsToSelector: sel] )
        -: 1500:        return [obj performSelector: sel];
        -: 1501:    return nil;
        -: 1502:}
        -: 1503:#define CATCH_UNSAFE_UNRETAINED
        -: 1504:#define CATCH_ARC_STRONG
        -: 1505:#else
        -: 1506:inline void arcSafeRelease( NSObject* ){}
        -: 1507:inline id performOptionalSelector( id obj, SEL sel ) {
        -: 1508:#ifdef __clang__
        -: 1509:#pragma clang diagnostic push
        -: 1510:#pragma clang diagnostic ignored "-Warc-performSelector-leaks"
        -: 1511:#endif
        -: 1512:    if( [obj respondsToSelector: sel] )
        -: 1513:        return [obj performSelector: sel];
        -: 1514:#ifdef __clang__
        -: 1515:#pragma clang diagnostic pop
        -: 1516:#endif
        -: 1517:    return nil;
        -: 1518:}
        -: 1519:#define CATCH_UNSAFE_UNRETAINED __unsafe_unretained
        -: 1520:#define CATCH_ARC_STRONG __strong
        -: 1521:#endif
        -: 1522:
        -: 1523:#endif
        -: 1524:
        -: 1525:#ifdef CATCH_CONFIG_CPP11_TUPLE
        -: 1526:#include <tuple>
        -: 1527:#endif
        -: 1528:
        -: 1529:#ifdef CATCH_CONFIG_CPP11_IS_ENUM
        -: 1530:#include <type_traits>
        -: 1531:#endif
        -: 1532:
        -: 1533:namespace Catch {
        -: 1534:
        -: 1535:// Why we're here.
        -: 1536:template<typename T>
        -: 1537:std::string toString( T const& value );
        -: 1538:
        -: 1539:// Built in overloads
        -: 1540:
        -: 1541:std::string toString( std::string const& value );
[...]
    #####:11161:    IExceptionTranslator::~IExceptionTranslator() {}
    #####:11162:    IExceptionTranslatorRegistry::~IExceptionTranslatorRegistry() {}
    #####:11163:    IReporter::~IReporter() {}
    #####:11164:    IReporterFactory::~IReporterFactory() {}
    #####:11165:    IReporterRegistry::~IReporterRegistry() {}
    #####:11166:    IStreamingReporter::~IStreamingReporter() {}
    #####:11167:    AssertionStats::~AssertionStats() {}
    #####:11168:    SectionStats::~SectionStats() {}
    #####:11169:    TestCaseStats::~TestCaseStats() {}
    #####:11170:    TestGroupStats::~TestGroupStats() {}
    #####:11171:    TestRunStats::~TestRunStats() {}
    #####:11172:    CumulativeReporterBase::SectionNode::~SectionNode() {}
    #####:11173:    CumulativeReporterBase::~CumulativeReporterBase() {}
        -:11174:
    #####:11175:    StreamingReporterBase::~StreamingReporterBase() {}
    #####:11176:    ConsoleReporter::~ConsoleReporter() {}
    #####:11177:    CompactReporter::~CompactReporter() {}
    #####:11178:    IRunner::~IRunner() {}
    #####:11179:    IMutableContext::~IMutableContext() {}
    #####:11180:    IConfig::~IConfig() {}
    #####:11181:    XmlReporter::~XmlReporter() {}
    #####:11182:    JunitReporter::~JunitReporter() {}
    #####:11183:    TestRegistry::~TestRegistry() {}
    #####:11184:    FreeFunctionTestCase::~FreeFunctionTestCase() {}
    #####:11185:    IGeneratorInfo::~IGeneratorInfo() {}
    #####:11186:    IGeneratorsForTest::~IGeneratorsForTest() {}
    #####:11187:    WildcardPattern::~WildcardPattern() {}
    #####:11188:    TestSpec::Pattern::~Pattern() {}
    #####:11189:    TestSpec::NamePattern::~NamePattern() {}
    #####:11190:    TestSpec::TagPattern::~TagPattern() {}
    #####:11191:    TestSpec::ExcludedPattern::~ExcludedPattern() {}
    #####:11192:    Matchers::Impl::MatcherUntypedBase::~MatcherUntypedBase() {}
        -:11193:
    #####:11194:    void Config::dummy() {}
        -:11195:
        -:11196:    namespace TestCaseTracking {
    #####:11197:        ITracker::~ITracker() {}
    #####:11198:        TrackerBase::~TrackerBase() {}
    #####:11199:        SectionTracker::~SectionTracker() {}
    #####:11200:        IndexTracker::~IndexTracker() {}
        -:11201:    }
        -:11202:}
        -:11203:
        -:11204:#ifdef __clang__
        -:11205:#pragma clang diagnostic pop
        -:11206:#endif
        -:11207:
        -:11208:#endif
        -:11209:
        -:11210:#ifdef CATCH_CONFIG_MAIN
        -:11211:// #included from: internal/catch_default_main.hpp
        -:11212:#define TWOBLUECUBES_CATCH_DEFAULT_MAIN_HPP_INCLUDED
        -:11213:
        -:11214:#ifndef __OBJC__
        -:11215:
        -:11216:// Standard C/C++ main entry point
        -:11217:int main (int argc, char * argv[]) {
    #####:11218:	int result = Catch::Session().run( argc, argv );
    #####:11219:    return ( result < 0xff ? result : 0xff );
    #####:11220:}
        -:11221:
        -:11222:#else // __OBJC__
        -:11223:
        -:11224:// Objective-C entry point
        -:11225:int main (int argc, char * const argv[]) {
        -:11226:#if !CATCH_ARC_ENABLED
        -:11227:    NSAutoreleasePool * pool = [[NSAutoreleasePool alloc] init];
        -:11228:#endif
        -:11229:
        -:11230:    Catch::registerTestMethods();
        -:11231:    int result = Catch::Session().run( argc, (char* const*)argv );
        -:11232:
        -:11233:#if !CATCH_ARC_ENABLED
        -:11234:    [pool drain];
        -:11235:#endif
        -:11236:
        -:11237:    return ( result < 0xff ? result : 0xff );
        -:11238:}
        -:11239:
        -:11240:#endif // __OBJC__
        -:11241:
        -:11242:#endif
        -:11243:
        -:11244:#ifdef CLARA_CONFIG_MAIN_NOT_DEFINED
        -:11245:#  undef CLARA_CONFIG_MAIN
        -:11246:#endif
        -:11247:
        -:11248://////
        -:11249:
        -:11250:// If this config identifier is defined then all CATCH macros are prefixed with CATCH_
        -:11251:#ifdef CATCH_CONFIG_PREFIX_ALL
        -:11252:
        -:11253:#if defined(CATCH_CONFIG_FAST_COMPILE)
        -:11254:#define CATCH_REQUIRE( expr ) INTERNAL_CATCH_TEST_NO_TRY( "CATCH_REQUIRE", Catch::ResultDisposition::Normal, expr )
        -:11255:#define CATCH_REQUIRE_FALSE( expr ) INTERNAL_CATCH_TEST_NO_TRY( "CATCH_REQUIRE_FALSE", Catch::ResultDisposition::Normal | Catch::ResultDisposition::FalseTest, expr )
        -:11256:#else
        -:11257:#define CATCH_REQUIRE( expr ) INTERNAL_CATCH_TEST( "CATCH_REQUIRE", Catch::ResultDisposition::Normal, expr )
        -:11258:#define CATCH_REQUIRE_FALSE( expr ) INTERNAL_CATCH_TEST( "CATCH_REQUIRE_FALSE", Catch::ResultDisposition::Normal | Catch::ResultDisposition::FalseTest, expr  )
        -:11259:#endif
        -:11260:
        -:11261:#define CATCH_REQUIRE_THROWS( expr ) INTERNAL_CATCH_THROWS( "CATCH_REQUIRE_THROWS", Catch::ResultDisposition::Normal, "", expr )
        -:11262:#define CATCH_REQUIRE_THROWS_AS( expr, exceptionType ) INTERNAL_CATCH_THROWS_AS( "CATCH_REQUIRE_THROWS_AS", exceptionType, Catch::ResultDisposition::Normal, expr )
        -:11263:#define CATCH_REQUIRE_THROWS_WITH( expr, matcher ) INTERNAL_CATCH_THROWS( "CATCH_REQUIRE_THROWS_WITH", Catch::ResultDisposition::Normal, matcher, expr )
        -:11264:#define CATCH_REQUIRE_NOTHROW( expr ) INTERNAL_CATCH_NO_THROW( "CATCH_REQUIRE_NOTHROW", Catch::ResultDisposition::Normal, expr )
        -:11265:
        -:11266:#define CATCH_CHECK( expr ) INTERNAL_CATCH_TEST( "CATCH_CHECK", Catch::ResultDisposition::ContinueOnFailure, expr )
        -:11267:#define CATCH_CHECK_FALSE( expr ) INTERNAL_CATCH_TEST( "CATCH_CHECK_FALSE", Catch::ResultDisposition::ContinueOnFailure | Catch::ResultDisposition::FalseTest, expr )
        -:11268:#define CATCH_CHECKED_IF( expr ) INTERNAL_CATCH_IF( "CATCH_CHECKED_IF", Catch::ResultDisposition::ContinueOnFailure, expr )
        -:11269:#define CATCH_CHECKED_ELSE( expr ) INTERNAL_CATCH_ELSE( "CATCH_CHECKED_ELSE", Catch::ResultDisposition::ContinueOnFailure, expr )
        -:11270:#define CATCH_CHECK_NOFAIL( expr ) INTERNAL_CATCH_TEST( "CATCH_CHECK_NOFAIL", Catch::ResultDisposition::ContinueOnFailure | Catch::ResultDisposition::SuppressFail, expr )
        -:11271:
        -:11272:#define CATCH_CHECK_THROWS( expr )  INTERNAL_CATCH_THROWS( "CATCH_CHECK_THROWS", Catch::ResultDisposition::ContinueOnFailure, "", expr )
        -:11273:#define CATCH_CHECK_THROWS_AS( expr, exceptionType ) INTERNAL_CATCH_THROWS_AS( "CATCH_CHECK_THROWS_AS", exceptionType, Catch::ResultDisposition::ContinueOnFailure, expr )
        -:11274:#define CATCH_CHECK_THROWS_WITH( expr, matcher ) INTERNAL_CATCH_THROWS( "CATCH_CHECK_THROWS_WITH", Catch::ResultDisposition::ContinueOnFailure, matcher, expr )
        -:11275:#define CATCH_CHECK_NOTHROW( expr ) INTERNAL_CATCH_NO_THROW( "CATCH_CHECK_NOTHROW", Catch::ResultDisposition::ContinueOnFailure, expr )
        -:11276:
        -:11277:#define CATCH_CHECK_THAT( arg, matcher ) INTERNAL_CHECK_THAT( "CATCH_CHECK_THAT", matcher, Catch::ResultDisposition::ContinueOnFailure, arg )
        -:11278:
        -:11279:#if defined(CATCH_CONFIG_FAST_COMPILE)
        -:11280:#define CATCH_REQUIRE_THAT( arg, matcher ) INTERNAL_CHECK_THAT_NO_TRY( "CATCH_REQUIRE_THAT", matcher, Catch::ResultDisposition::Normal, arg )
        -:11281:#else
        -:11282:#define CATCH_REQUIRE_THAT( arg, matcher ) INTERNAL_CHECK_THAT( "CATCH_REQUIRE_THAT", matcher, Catch::ResultDisposition::Normal, arg )
        -:11283:#endif
        -:11284:
        -:11285:#define CATCH_INFO( msg ) INTERNAL_CATCH_INFO( "CATCH_INFO", msg )
        -:11286:#define CATCH_WARN( msg ) INTERNAL_CATCH_MSG( "CATCH_WARN", Catch::ResultWas::Warning, Catch::ResultDisposition::ContinueOnFailure, msg )
        -:11287:#define CATCH_SCOPED_INFO( msg ) INTERNAL_CATCH_INFO( "CATCH_INFO", msg )
        -:11288:#define CATCH_CAPTURE( msg ) INTERNAL_CATCH_INFO( "CATCH_CAPTURE", #msg " := " << Catch::toString(msg) )
        -:11289:#define CATCH_SCOPED_CAPTURE( msg ) INTERNAL_CATCH_INFO( "CATCH_CAPTURE", #msg " := " << Catch::toString(msg) )
        -:11290:
        -:11291:#ifdef CATCH_CONFIG_VARIADIC_MACROS
        -:11292:    #define CATCH_TEST_CASE( ... ) INTERNAL_CATCH_TESTCASE( __VA_ARGS__ )
        -:11293:    #define CATCH_TEST_CASE_METHOD( className, ... ) INTERNAL_CATCH_TEST_CASE_METHOD( className, __VA_ARGS__ )
        -:11294:    #define CATCH_METHOD_AS_TEST_CASE( method, ... ) INTERNAL_CATCH_METHOD_AS_TEST_CASE( method, __VA_ARGS__ )
        -:11295:    #define CATCH_REGISTER_TEST_CASE( Function, ... ) INTERNAL_CATCH_REGISTER_TESTCASE( Function, __VA_ARGS__ )
        -:11296:    #define CATCH_SECTION( ... ) INTERNAL_CATCH_SECTION( __VA_ARGS__ )
        -:11297:    #define CATCH_FAIL( ... ) INTERNAL_CATCH_MSG( Catch::ResultWas::ExplicitFailure, Catch::ResultDisposition::Normal, "CATCH_FAIL", __VA_ARGS__ )
        -:11298:    #define CATCH_FAIL_CHECK( ... ) INTERNAL_CATCH_MSG( "CATCH_FAIL_CHECK", Catch::ResultWas::ExplicitFailure, Catch::ResultDisposition::ContinueOnFailure, __VA_ARGS__ )
        -:11299:    #define CATCH_SUCCEED( ... ) INTERNAL_CATCH_MSG( "CATCH_SUCCEED", Catch::ResultWas::Ok, Catch::ResultDisposition::ContinueOnFailure, __VA_ARGS__ )
        -:11300:#else
        -:11301:    #define CATCH_TEST_CASE( name, description ) INTERNAL_CATCH_TESTCASE( name, description )
        -:11302:    #define CATCH_TEST_CASE_METHOD( className, name, description ) INTERNAL_CATCH_TEST_CASE_METHOD( className, name, description )
        -:11303:    #define CATCH_METHOD_AS_TEST_CASE( method, name, description ) INTERNAL_CATCH_METHOD_AS_TEST_CASE( method, name, description )
        -:11304:    #define CATCH_REGISTER_TEST_CASE( function, name, description ) INTERNAL_CATCH_REGISTER_TESTCASE( function, name, description )
        -:11305:    #define CATCH_SECTION( name, description ) INTERNAL_CATCH_SECTION( name, description )
        -:11306:    #define CATCH_FAIL( msg ) INTERNAL_CATCH_MSG( "CATCH_FAIL", Catch::ResultWas::ExplicitFailure, Catch::ResultDisposition::Normal, msg )
        -:11307:    #define CATCH_FAIL_CHECK( msg ) INTERNAL_CATCH_MSG( "CATCH_FAIL_CHECK", Catch::ResultWas::ExplicitFailure, Catch::ResultDisposition::ContinueOnFailure, msg )
        -:11308:    #define CATCH_SUCCEED( msg ) INTERNAL_CATCH_MSG( "CATCH_SUCCEED", Catch::ResultWas::Ok, Catch::ResultDisposition::ContinueOnFailure, msg )
        -:11309:#endif
        -:11310:#define CATCH_ANON_TEST_CASE() INTERNAL_CATCH_TESTCASE( "", "" )
        -:11311:
        -:11312:#define CATCH_REGISTER_REPORTER( name, reporterType ) INTERNAL_CATCH_REGISTER_REPORTER( name, reporterType )
        -:11313:#define CATCH_REGISTER_LEGACY_REPORTER( name, reporterType ) INTERNAL_CATCH_REGISTER_LEGACY_REPORTER( name, reporterType )
        -:11314:
        -:11315:#define CATCH_GENERATE( expr) INTERNAL_CATCH_GENERATE( expr )
        -:11316:
        -:11317:// "BDD-style" convenience wrappers
        -:11318:#ifdef CATCH_CONFIG_VARIADIC_MACROS
        -:11319:#define CATCH_SCENARIO( ... ) CATCH_TEST_CASE( "Scenario: " __VA_ARGS__ )
        -:11320:#define CATCH_SCENARIO_METHOD( className, ... ) INTERNAL_CATCH_TEST_CASE_METHOD( className, "Scenario: " __VA_ARGS__ )
        -:11321:#else
        -:11322:#define CATCH_SCENARIO( name, tags ) CATCH_TEST_CASE( "Scenario: " name, tags )
        -:11323:#define CATCH_SCENARIO_METHOD( className, name, tags ) INTERNAL_CATCH_TEST_CASE_METHOD( className, "Scenario: " name, tags )
        -:11324:#endif
        -:11325:#define CATCH_GIVEN( desc )    CATCH_SECTION( std::string( "Given: ") + desc, "" )
        -:11326:#define CATCH_WHEN( desc )     CATCH_SECTION( std::string( " When: ") + desc, "" )
        -:11327:#define CATCH_AND_WHEN( desc ) CATCH_SECTION( std::string( "  And: ") + desc, "" )
        -:11328:#define CATCH_THEN( desc )     CATCH_SECTION( std::string( " Then: ") + desc, "" )
        -:11329:#define CATCH_AND_THEN( desc ) CATCH_SECTION( std::string( "  And: ") + desc, "" )
        -:11330:
        -:11331:// If CATCH_CONFIG_PREFIX_ALL is not defined then the CATCH_ prefix is not required
        -:11332:#else
        -:11333:
        -:11334:#if defined(CATCH_CONFIG_FAST_COMPILE)
        -:11335:#define REQUIRE( expr ) INTERNAL_CATCH_TEST_NO_TRY( "REQUIRE", Catch::ResultDisposition::Normal, expr )
        -:11336:#define REQUIRE_FALSE( expr ) INTERNAL_CATCH_TEST_NO_TRY( "REQUIRE_FALSE", Catch::ResultDisposition::Normal | Catch::ResultDisposition::FalseTest, expr )
        -:11337:
        -:11338:#else
        -:11339:#define REQUIRE( expr ) INTERNAL_CATCH_TEST( "REQUIRE", Catch::ResultDisposition::Normal, expr  )
        -:11340:#define REQUIRE_FALSE( expr ) INTERNAL_CATCH_TEST( "REQUIRE_FALSE", Catch::ResultDisposition::Normal | Catch::ResultDisposition::FalseTest, expr )
        -:11341:#endif
        -:11342:
        -:11343:#define REQUIRE_THROWS( expr ) INTERNAL_CATCH_THROWS( "REQUIRE_THROWS", Catch::ResultDisposition::Normal, "", expr )
        -:11344:#define REQUIRE_THROWS_AS( expr, exceptionType ) INTERNAL_CATCH_THROWS_AS( "REQUIRE_THROWS_AS", exceptionType, Catch::ResultDisposition::Normal, expr )
        -:11345:#define REQUIRE_THROWS_WITH( expr, matcher ) INTERNAL_CATCH_THROWS( "REQUIRE_THROWS_WITH", Catch::ResultDisposition::Normal, matcher, expr )
        -:11346:#define REQUIRE_NOTHROW( expr ) INTERNAL_CATCH_NO_THROW( "REQUIRE_NOTHROW", Catch::ResultDisposition::Normal, expr )
        -:11347:
        -:11348:#define CHECK( expr ) INTERNAL_CATCH_TEST( "CHECK", Catch::ResultDisposition::ContinueOnFailure, expr )
        -:11349:#define CHECK_FALSE( expr ) INTERNAL_CATCH_TEST( "CHECK_FALSE", Catch::ResultDisposition::ContinueOnFailure | Catch::ResultDisposition::FalseTest, expr )
        -:11350:#define CHECKED_IF( expr ) INTERNAL_CATCH_IF( "CHECKED_IF", Catch::ResultDisposition::ContinueOnFailure, expr )
        -:11351:#define CHECKED_ELSE( expr ) INTERNAL_CATCH_ELSE( "CHECKED_ELSE", Catch::ResultDisposition::ContinueOnFailure, expr )
        -:11352:#define CHECK_NOFAIL( expr ) INTERNAL_CATCH_TEST( "CHECK_NOFAIL", Catch::ResultDisposition::ContinueOnFailure | Catch::ResultDisposition::SuppressFail, expr )
        -:11353:
        -:11354:#define CHECK_THROWS( expr )  INTERNAL_CATCH_THROWS( "CHECK_THROWS", Catch::ResultDisposition::ContinueOnFailure, "", expr )
        -:11355:#define CHECK_THROWS_AS( expr, exceptionType ) INTERNAL_CATCH_THROWS_AS( "CHECK_THROWS_AS", exceptionType, Catch::ResultDisposition::ContinueOnFailure, expr )
        -:11356:#define CHECK_THROWS_WITH( expr, matcher ) INTERNAL_CATCH_THROWS( "CHECK_THROWS_WITH", Catch::ResultDisposition::ContinueOnFailure, matcher, expr )
        -:11357:#define CHECK_NOTHROW( expr ) INTERNAL_CATCH_NO_THROW( "CHECK_NOTHROW", Catch::ResultDisposition::ContinueOnFailure, expr )
        -:11358:
        -:11359:#define CHECK_THAT( arg, matcher ) INTERNAL_CHECK_THAT( "CHECK_THAT", matcher, Catch::ResultDisposition::ContinueOnFailure, arg )
        -:11360:
        -:11361:#if defined(CATCH_CONFIG_FAST_COMPILE)
        -:11362:#define REQUIRE_THAT( arg, matcher ) INTERNAL_CHECK_THAT_NO_TRY( "REQUIRE_THAT", matcher, Catch::ResultDisposition::Normal, arg )
        -:11363:#else
        -:11364:#define REQUIRE_THAT( arg, matcher ) INTERNAL_CHECK_THAT( "REQUIRE_THAT", matcher, Catch::ResultDisposition::Normal, arg )
        -:11365:#endif
        -:11366:
        -:11367:#define INFO( msg ) INTERNAL_CATCH_INFO( "INFO", msg )
        -:11368:#define WARN( msg ) INTERNAL_CATCH_MSG( "WARN", Catch::ResultWas::Warning, Catch::ResultDisposition::ContinueOnFailure, msg )
        -:11369:#define SCOPED_INFO( msg ) INTERNAL_CATCH_INFO( "INFO", msg )
        -:11370:#define CAPTURE( msg ) INTERNAL_CATCH_INFO( "CAPTURE", #msg " := " << Catch::toString(msg) )
        -:11371:#define SCOPED_CAPTURE( msg ) INTERNAL_CATCH_INFO( "CAPTURE", #msg " := " << Catch::toString(msg) )
        -:11372:
        -:11373:#ifdef CATCH_CONFIG_VARIADIC_MACROS
        -:11374:#define TEST_CASE( ... ) INTERNAL_CATCH_TESTCASE( __VA_ARGS__ )
        -:11375:#define TEST_CASE_METHOD( className, ... ) INTERNAL_CATCH_TEST_CASE_METHOD( className, __VA_ARGS__ )
        -:11376:#define METHOD_AS_TEST_CASE( method, ... ) INTERNAL_CATCH_METHOD_AS_TEST_CASE( method, __VA_ARGS__ )
        -:11377:#define REGISTER_TEST_CASE( Function, ... ) INTERNAL_CATCH_REGISTER_TESTCASE( Function, __VA_ARGS__ )
        -:11378:#define SECTION( ... ) INTERNAL_CATCH_SECTION( __VA_ARGS__ )
        -:11379:#define FAIL( ... ) INTERNAL_CATCH_MSG( "FAIL", Catch::ResultWas::ExplicitFailure, Catch::ResultDisposition::Normal, __VA_ARGS__ )
        -:11380:#define FAIL_CHECK( ... ) INTERNAL_CATCH_MSG( "FAIL_CHECK", Catch::ResultWas::ExplicitFailure, Catch::ResultDisposition::ContinueOnFailure, __VA_ARGS__ )
        -:11381:#define SUCCEED( ... ) INTERNAL_CATCH_MSG( "SUCCEED", Catch::ResultWas::Ok, Catch::ResultDisposition::ContinueOnFailure, __VA_ARGS__ )
        -:11382:#else
        -:11383:#define TEST_CASE( name, description ) INTERNAL_CATCH_TESTCASE( name, description )
        -:11384:    #define TEST_CASE_METHOD( className, name, description ) INTERNAL_CATCH_TEST_CASE_METHOD( className, name, description )
        -:11385:    #define METHOD_AS_TEST_CASE( method, name, description ) INTERNAL_CATCH_METHOD_AS_TEST_CASE( method, name, description )
        -:11386:    #define REGISTER_TEST_CASE( method, name, description ) INTERNAL_CATCH_REGISTER_TESTCASE( method, name, description )
        -:11387:    #define SECTION( name, description ) INTERNAL_CATCH_SECTION( name, description )
        -:11388:    #define FAIL( msg ) INTERNAL_CATCH_MSG( "FAIL", Catch::ResultWas::ExplicitFailure, Catch::ResultDisposition::Normal, msg )
        -:11389:    #define FAIL_CHECK( msg ) INTERNAL_CATCH_MSG( "FAIL_CHECK", Catch::ResultWas::ExplicitFailure, Catch::ResultDisposition::ContinueOnFailure, msg )
        -:11390:    #define SUCCEED( msg ) INTERNAL_CATCH_MSG( "SUCCEED", Catch::ResultWas::Ok, Catch::ResultDisposition::ContinueOnFailure, msg )
        -:11391:#endif
        -:11392:#define ANON_TEST_CASE() INTERNAL_CATCH_TESTCASE( "", "" )
        -:11393:
        -:11394:#define REGISTER_REPORTER( name, reporterType ) INTERNAL_CATCH_REGISTER_REPORTER( name, reporterType )
        -:11395:#define REGISTER_LEGACY_REPORTER( name, reporterType ) INTERNAL_CATCH_REGISTER_LEGACY_REPORTER( name, reporterType )
        -:11396:
        -:11397:#define GENERATE( expr) INTERNAL_CATCH_GENERATE( expr )
        -:11398:
        -:11399:#endif
        -:11400:
        -:11401:#define CATCH_TRANSLATE_EXCEPTION( signature ) INTERNAL_CATCH_TRANSLATE_EXCEPTION( signature )
        -:11402:
        -:11403:// "BDD-style" convenience wrappers
        -:11404:#ifdef CATCH_CONFIG_VARIADIC_MACROS
        -:11405:#define SCENARIO( ... ) TEST_CASE( "Scenario: " __VA_ARGS__ )
        -:11406:#define SCENARIO_METHOD( className, ... ) INTERNAL_CATCH_TEST_CASE_METHOD( className, "Scenario: " __VA_ARGS__ )
        -:11407:#else
        -:11408:#define SCENARIO( name, tags ) TEST_CASE( "Scenario: " name, tags )
        -:11409:#define SCENARIO_METHOD( className, name, tags ) INTERNAL_CATCH_TEST_CASE_METHOD( className, "Scenario: " name, tags )
        -:11410:#endif
        -:11411:#define GIVEN( desc )    SECTION( std::string("   Given: ") + desc, "" )
        -:11412:#define WHEN( desc )     SECTION( std::string("    When: ") + desc, "" )
        -:11413:#define AND_WHEN( desc ) SECTION( std::string("And when: ") + desc, "" )
        -:11414:#define THEN( desc )     SECTION( std::string("    Then: ") + desc, "" )
        -:11415:#define AND_THEN( desc ) SECTION( std::string("     And: ") + desc, "" )
        -:11416:
        -:11417:using Catch::Detail::Approx;
        -:11418:
        -:11419:#endif // TWOBLUECUBES_SINGLE_INCLUDE_CATCH_HPP_INCLUDED
