        -:    0:Source:testa_countlines.cpp
        -:    0:Graph:testa_countlines.gcno
        -:    0:Data:-
        -:    0:Runs:0
        -:    0:Programs:0
        -:    1://// "Copyright 2018 Alexander André de Souza"
        -:    2://  testa_countlines.c
        -:    3://
        -:    4://
        -:    5://  Created by Alexander André De Souza Vieira on 03/10/2018.
        -:    6://
        -:    7:#define CATCH_CONFIG_MAIN
        -:    8:// This tells Catch to provide a main() - only do this in one cpp file
        -:    9:#include <stdio.h>
        -:   10:#include <stdlib.h>
        -:   11:#include <ctype.h>
        -:   12:#include "countlines.hpp"
        -:   13:#include "catch.hpp" /*!Inclusão da biblioteca catch.hpp para poder realizar os testes.*/
        -:   14:
    #####:   15:char nome_arq[Nom_Max_Arq] = "fibonacci.c";
    #####:   16:
        -:   17:TEST_CASE("Teste de Contagem de Linhas do Código", "[count_lines_of_code]") {
    #####:   18:    REQUIRE(quant_linhas_efetivas(nome_arq) == 37);
        -:   19:}
        -:   20:// //Teste utilizado inicialmente
        -:   21:// int main(void)
        -:   22:// {
        -:   23://    int x;
        -:   24://    char nome_arq[Nom_Max_Arq] = "fibonacci.c";
        -:   25://
        -:   26://    x = conta_linha(nome_arq);
        -:   27://    printf("\n\n\n%d\n",x);
        -:   28://        return 0;
        -:   29:// }
